<?xml version="1.0" encoding="UTF-8"?>
<!-- Generated by org.testng.reporters.JUnitXMLReporter -->
<testsuite ignored="0" hostname="admin1-H110M-H" failures="0" tests="21" name="LinkedIn App Test" time="0.935" errors="0" timestamp="27 Jan 2020 10:13:50 GMT">
  <testcase classname="com.bridgelabz.linkedin.testcases.JoinNowPageTest" name="@BeforeMethod beginTest" time="0.338">
    <failure type="java.lang.NoClassDefFoundError" message="okhttp3/ConnectionPool">
      <![CDATA[java.lang.NoClassDefFoundError: okhttp3/ConnectionPool
at org.openqa.selenium.remote.internal.OkHttpClient$Factory.<init>(OkHttpClient.java:116)
at org.openqa.selenium.remote.http.HttpClient$Factory.createDefault(HttpClient.java:66)
at org.openqa.selenium.remote.HttpCommandExecutor.<clinit>(HttpCommandExecutor.java:47)
at org.openqa.selenium.chrome.ChromeDriver.<init>(ChromeDriver.java:181)
at org.openqa.selenium.chrome.ChromeDriver.<init>(ChromeDriver.java:168)
at org.openqa.selenium.chrome.ChromeDriver.<init>(ChromeDriver.java:123)
at com.bridgelabz.linkedin.base.TestBase.init_Driver(TestBase.java:68)
at com.bridgelabz.linkedin.testcases.JoinNowPageTest.beginTest(JoinNowPageTest.java:36)
Caused by: java.lang.ClassNotFoundException: okhttp3.ConnectionPool
at java.base/jdk.internal.loader.BuiltinClassLoader.loadClass(BuiltinClassLoader.java:581)
at java.base/jdk.internal.loader.ClassLoaders$AppClassLoader.loadClass(ClassLoaders.java:178)
at java.base/java.lang.ClassLoader.loadClass(ClassLoader.java:521)
... 36 more
... Removed 28 stack frames]]>
    </failure>
  </testcase> <!-- @BeforeMethod beginTest -->
  <testcase classname="com.bridgelabz.linkedin.testcases.JoinNowPageTest" name="@AfterMethod endTest" time="0.0">
    <skipped/>
  </testcase> <!-- @AfterMethod endTest -->
  <testcase classname="com.bridgelabz.linkedin.testcases.JoinNowPageTest" name="@BeforeMethod beginTest" time="0.0">
    <skipped/>
  </testcase> <!-- @BeforeMethod beginTest -->
  <testcase classname="com.bridgelabz.linkedin.testcases.JoinNowPageTest" name="@AfterMethod endTest" time="0.0">
    <skipped/>
  </testcase> <!-- @AfterMethod endTest -->
  <testcase classname="com.bridgelabz.linkedin.testcases.JoinNowPageTest" name="@BeforeMethod beginTest" time="0.0">
    <skipped/>
  </testcase> <!-- @BeforeMethod beginTest -->
  <testcase classname="com.bridgelabz.linkedin.testcases.JoinNowPageTest" name="@AfterMethod endTest" time="0.0">
    <skipped/>
  </testcase> <!-- @AfterMethod endTest -->
  <testcase classname="com.bridgelabz.linkedin.testcases.JoinNowPageTest" name="@BeforeMethod beginTest" time="0.0">
    <skipped/>
  </testcase> <!-- @BeforeMethod beginTest -->
  <testcase classname="com.bridgelabz.linkedin.testcases.JoinNowPageTest" name="@AfterMethod endTest" time="0.0">
    <skipped/>
  </testcase> <!-- @AfterMethod endTest -->
  <testcase classname="com.bridgelabz.linkedin.testcases.SignInPageTest" name="@BeforeMethod beginTest" time="0.035">
    <failure type="java.lang.NoClassDefFoundError" message="Could not initialize class org.openqa.selenium.chrome.ChromeDriverCommandExecutor">
      <![CDATA[java.lang.NoClassDefFoundError: Could not initialize class org.openqa.selenium.chrome.ChromeDriverCommandExecutor
at org.openqa.selenium.chrome.ChromeDriver.<init>(ChromeDriver.java:181)
at org.openqa.selenium.chrome.ChromeDriver.<init>(ChromeDriver.java:168)
at org.openqa.selenium.chrome.ChromeDriver.<init>(ChromeDriver.java:123)
at com.bridgelabz.linkedin.base.TestBase.init_Driver(TestBase.java:68)
at com.bridgelabz.linkedin.testcases.SignInPageTest.beginTest(SignInPageTest.java:32)
... Removed 28 stack frames]]>
    </failure>
  </testcase> <!-- @BeforeMethod beginTest -->
  <testcase classname="com.bridgelabz.linkedin.testcases.SignInPageTest" name="@AfterMethod endTest" time="0.0">
    <skipped/>
  </testcase> <!-- @AfterMethod endTest -->
  <testcase classname="com.bridgelabz.linkedin.testcases.SignInPageTest" name="@BeforeMethod beginTest" time="0.0">
    <skipped/>
  </testcase> <!-- @BeforeMethod beginTest -->
  <testcase classname="com.bridgelabz.linkedin.testcases.SignInPageTest" name="@AfterMethod endTest" time="0.0">
    <skipped/>
  </testcase> <!-- @AfterMethod endTest -->
  <testcase classname="com.bridgelabz.linkedin.testcases.SignInPageTest" name="@BeforeMethod beginTest" time="0.0">
    <skipped/>
  </testcase> <!-- @BeforeMethod beginTest -->
  <testcase classname="com.bridgelabz.linkedin.testcases.SignInPageTest" name="@AfterMethod endTest" time="0.0">
    <skipped/>
  </testcase> <!-- @AfterMethod endTest -->
  <testcase classname="com.bridgelabz.linkedin.testcases.SignInPageTest" name="@BeforeMethod beginTest" time="0.0">
    <skipped/>
  </testcase> <!-- @BeforeMethod beginTest -->
  <testcase classname="com.bridgelabz.linkedin.testcases.SignInPageTest" name="@AfterMethod endTest" time="0.0">
    <skipped/>
  </testcase> <!-- @AfterMethod endTest -->
  <testcase classname="com.bridgelabz.linkedin.testcases.SignInPageTest" name="@BeforeMethod beginTest" time="0.0">
    <skipped/>
  </testcase> <!-- @BeforeMethod beginTest -->
  <testcase classname="com.bridgelabz.linkedin.testcases.SignInPageTest" name="@AfterMethod endTest" time="0.0">
    <skipped/>
  </testcase> <!-- @AfterMethod endTest -->
  <testcase classname="com.bridgelabz.linkedin.testcases.SignInPageTest" name="@BeforeMethod beginTest" time="0.0">
    <skipped/>
  </testcase> <!-- @BeforeMethod beginTest -->
  <testcase classname="com.bridgelabz.linkedin.testcases.SignInPageTest" name="@AfterMethod endTest" time="0.0">
    <skipped/>
  </testcase> <!-- @AfterMethod endTest -->
  <testcase classname="com.bridgelabz.linkedin.testcases.SignInPageTest" name="@BeforeMethod beginTest" time="0.0">
    <skipped/>
  </testcase> <!-- @BeforeMethod beginTest -->
  <testcase classname="com.bridgelabz.linkedin.testcases.SignInPageTest" name="@AfterMethod endTest" time="0.0">
    <skipped/>
  </testcase> <!-- @AfterMethod endTest -->
  <testcase classname="com.bridgelabz.linkedin.testcases.SignInPageTest" name="@BeforeMethod beginTest" time="0.0">
    <skipped/>
  </testcase> <!-- @BeforeMethod beginTest -->
  <testcase classname="com.bridgelabz.linkedin.testcases.SignInPageTest" name="@AfterMethod endTest" time="0.0">
    <skipped/>
  </testcase> <!-- @AfterMethod endTest -->
  <testcase classname="com.bridgelabz.linkedin.testcases.SignInPageTest" name="@BeforeMethod beginTest" time="0.0">
    <skipped/>
  </testcase> <!-- @BeforeMethod beginTest -->
  <testcase classname="com.bridgelabz.linkedin.testcases.SignInPageTest" name="@AfterMethod endTest" time="0.0">
    <skipped/>
  </testcase> <!-- @AfterMethod endTest -->
  <testcase classname="com.bridgelabz.linkedin.testcases.SignInPageTest" name="@BeforeMethod beginTest" time="0.0">
    <skipped/>
  </testcase> <!-- @BeforeMethod beginTest -->
  <testcase classname="com.bridgelabz.linkedin.testcases.SignInPageTest" name="@AfterMethod endTest" time="0.0">
    <skipped/>
  </testcase> <!-- @AfterMethod endTest -->
  <testcase classname="com.bridgelabz.linkedin.testcases.SignInPageTest" name="@BeforeMethod beginTest" time="0.0">
    <skipped/>
  </testcase> <!-- @BeforeMethod beginTest -->
  <testcase classname="com.bridgelabz.linkedin.testcases.SignInPageTest" name="@AfterMethod endTest" time="0.0">
    <skipped/>
  </testcase> <!-- @AfterMethod endTest -->
  <testcase classname="com.bridgelabz.linkedin.testcases.HomePageTest" name="@BeforeMethod beginTest" time="0.051">
    <failure type="java.lang.NoClassDefFoundError" message="Could not initialize class org.openqa.selenium.chrome.ChromeDriverCommandExecutor">
      <![CDATA[java.lang.NoClassDefFoundError: Could not initialize class org.openqa.selenium.chrome.ChromeDriverCommandExecutor
at org.openqa.selenium.chrome.ChromeDriver.<init>(ChromeDriver.java:181)
at org.openqa.selenium.chrome.ChromeDriver.<init>(ChromeDriver.java:168)
at org.openqa.selenium.chrome.ChromeDriver.<init>(ChromeDriver.java:123)
at com.bridgelabz.linkedin.base.TestBase.init_Driver(TestBase.java:68)
at com.bridgelabz.linkedin.testcases.HomePageTest.beginTest(HomePageTest.java:34)
... Removed 28 stack frames]]>
    </failure>
  </testcase> <!-- @BeforeMethod beginTest -->
  <testcase classname="com.bridgelabz.linkedin.testcases.HomePageTest" name="@AfterMethod endTest" time="0.0">
    <skipped/>
  </testcase> <!-- @AfterMethod endTest -->
  <testcase classname="com.bridgelabz.linkedin.testcases.HomePageTest" name="@BeforeMethod beginTest" time="0.0">
    <skipped/>
  </testcase> <!-- @BeforeMethod beginTest -->
  <testcase classname="com.bridgelabz.linkedin.testcases.HomePageTest" name="@AfterMethod endTest" time="0.0">
    <skipped/>
  </testcase> <!-- @AfterMethod endTest -->
  <testcase classname="com.bridgelabz.linkedin.testcases.HomePageTest" name="@BeforeMethod beginTest" time="0.0">
    <skipped/>
  </testcase> <!-- @BeforeMethod beginTest -->
  <testcase classname="com.bridgelabz.linkedin.testcases.HomePageTest" name="@AfterMethod endTest" time="0.0">
    <skipped/>
  </testcase> <!-- @AfterMethod endTest -->
  <testcase classname="com.bridgelabz.linkedin.testcases.HomePageTest" name="@BeforeMethod beginTest" time="0.0">
    <skipped/>
  </testcase> <!-- @BeforeMethod beginTest -->
  <testcase classname="com.bridgelabz.linkedin.testcases.HomePageTest" name="@AfterMethod endTest" time="0.0">
    <skipped/>
  </testcase> <!-- @AfterMethod endTest -->
  <testcase classname="com.bridgelabz.linkedin.testcases.HomePageTest" name="@BeforeMethod beginTest" time="0.0">
    <skipped/>
  </testcase> <!-- @BeforeMethod beginTest -->
  <testcase classname="com.bridgelabz.linkedin.testcases.HomePageTest" name="@AfterMethod endTest" time="0.0">
    <skipped/>
  </testcase> <!-- @AfterMethod endTest -->
  <testcase classname="com.bridgelabz.linkedin.testcases.HomePageTest" name="@BeforeMethod beginTest" time="0.0">
    <skipped/>
  </testcase> <!-- @BeforeMethod beginTest -->
  <testcase classname="com.bridgelabz.linkedin.testcases.HomePageTest" name="@AfterMethod endTest" time="0.0">
    <skipped/>
  </testcase> <!-- @AfterMethod endTest -->
  <testcase classname="com.bridgelabz.linkedin.testcases.JoinNowPageTest" name="registrationPageTest" time="0.0">
    <skipped/>
  </testcase> <!-- registrationPageTest -->
  <testcase classname="com.bridgelabz.linkedin.testcases.JoinNowPageTest" name="validateChangeLanguageLinkTest" time="0.0">
    <skipped/>
  </testcase> <!-- validateChangeLanguageLinkTest -->
  <testcase classname="com.bridgelabz.linkedin.testcases.JoinNowPageTest" name="validateSignInPageLinkTest" time="0.0">
    <skipped/>
  </testcase> <!-- validateSignInPageLinkTest -->
  <testcase classname="com.bridgelabz.linkedin.testcases.JoinNowPageTest" name="verifyRegisterPageTitleTest" time="0.0">
    <skipped/>
  </testcase> <!-- verifyRegisterPageTitleTest -->
  <testcase classname="com.bridgelabz.linkedin.testcases.SignInPageTest" name="SignInTest" time="0.0">
    <skipped/>
  </testcase> <!-- SignInTest -->
  <testcase classname="com.bridgelabz.linkedin.testcases.SignInPageTest" name="SignInTest" time="0.0">
    <skipped/>
  </testcase> <!-- SignInTest -->
  <testcase classname="com.bridgelabz.linkedin.testcases.SignInPageTest" name="SignInTest" time="0.0">
    <skipped/>
  </testcase> <!-- SignInTest -->
  <testcase classname="com.bridgelabz.linkedin.testcases.SignInPageTest" name="SignInTest" time="0.0">
    <skipped/>
  </testcase> <!-- SignInTest -->
  <testcase classname="com.bridgelabz.linkedin.testcases.SignInPageTest" name="SignInTest" time="0.0">
    <skipped/>
  </testcase> <!-- SignInTest -->
  <testcase classname="com.bridgelabz.linkedin.testcases.SignInPageTest" name="SignInTest" time="0.0">
    <skipped/>
  </testcase> <!-- SignInTest -->
  <testcase classname="com.bridgelabz.linkedin.testcases.SignInPageTest" name="validateForgetPasswordLinkTest" time="0.0">
    <skipped/>
  </testcase> <!-- validateForgetPasswordLinkTest -->
  <testcase classname="com.bridgelabz.linkedin.testcases.SignInPageTest" name="validateHidePasswordTest" time="0.0">
    <skipped/>
  </testcase> <!-- validateHidePasswordTest -->
  <testcase classname="com.bridgelabz.linkedin.testcases.SignInPageTest" name="validateJoinNowLinkTest" time="0.0">
    <skipped/>
  </testcase> <!-- validateJoinNowLinkTest -->
  <testcase classname="com.bridgelabz.linkedin.testcases.SignInPageTest" name="validateShowPasswordTest" time="0.0">
    <skipped/>
  </testcase> <!-- validateShowPasswordTest -->
  <testcase classname="com.bridgelabz.linkedin.testcases.SignInPageTest" name="verifySignInPageTitleTest" time="0.0">
    <skipped/>
  </testcase> <!-- verifySignInPageTitleTest -->
  <testcase classname="com.bridgelabz.linkedin.testcases.HomePageTest" name="createTextPostTest" time="0.0">
    <skipped/>
  </testcase> <!-- createTextPostTest -->
  <testcase classname="com.bridgelabz.linkedin.testcases.HomePageTest" name="createTextPostTest" time="0.0">
    <skipped/>
  </testcase> <!-- createTextPostTest -->
  <testcase classname="com.bridgelabz.linkedin.testcases.HomePageTest" name="createTextPostTest" time="0.0">
    <skipped/>
  </testcase> <!-- createTextPostTest -->
  <testcase classname="com.bridgelabz.linkedin.testcases.HomePageTest" name="uploadImagePostTest" time="0.0">
    <skipped/>
  </testcase> <!-- uploadImagePostTest -->
  <testcase classname="com.bridgelabz.linkedin.testcases.HomePageTest" name="uploadImagePostTest" time="0.0">
    <skipped/>
  </testcase> <!-- uploadImagePostTest -->
  <testcase classname="com.bridgelabz.linkedin.testcases.HomePageTest" name="verifyHomePageTitleTest" time="0.0">
    <skipped/>
  </testcase> <!-- verifyHomePageTitleTest -->
</testsuite> <!-- LinkedIn App Test -->
