<html>
<head>
<title>TestNG:  LinkedIn App Test</title>
<link href="../testng.css" rel="stylesheet" type="text/css" />
<link href="../my-testng.css" rel="stylesheet" type="text/css" />

<style type="text/css">
.log { display: none;} 
.stack-trace { display: none;} 
</style>
<script type="text/javascript">
<!--
function flip(e) {
  current = e.style.display;
  if (current == 'block') {
    e.style.display = 'none';
    return 0;
  }
  else {
    e.style.display = 'block';
    return 1;
  }
}

function toggleBox(szDivId, elem, msg1, msg2)
{
  var res = -1;  if (document.getElementById) {
    res = flip(document.getElementById(szDivId));
  }
  else if (document.all) {
    // this is the way old msie versions work
    res = flip(document.all[szDivId]);
  }
  if(elem) {
    if(res == 0) elem.innerHTML = msg1; else elem.innerHTML = msg2;
  }

}

function toggleAllBoxes() {
  if (document.getElementsByTagName) {
    d = document.getElementsByTagName('div');
    for (i = 0; i < d.length; i++) {
      if (d[i].className == 'log') {
        flip(d[i]);
      }
    }
  }
}

// -->
</script>

</head>
<body>
<h2 align='center'>LinkedIn App Test</h2><table border='1' align="center">
<tr>
<td>Tests passed/Failed/Skipped:</td><td>0/0/21</td>
</tr><tr>
<td>Started on:</td><td>Mon Jan 27 15:43:49 IST 2020</td>
</tr>
<tr><td>Total time:</td><td>0 seconds (935 ms)</td>
</tr><tr>
<td>Included groups:</td><td></td>
</tr><tr>
<td>Excluded groups:</td><td></td>
</tr>
</table><p/>
<small><i>(Hover the method name to see the test class name)</i></small><p/>
<table width='100%' border='1' class='invocation-failed'>
<tr><td colspan='4' align='center'><b>FAILED CONFIGURATIONS</b></td></tr>
<tr><td><b>Test method</b></td>
<td width="30%"><b>Exception</b></td>
<td width="10%"><b>Time (seconds)</b></td>
<td><b>Instance</b></td>
</tr>
<tr>
<td title='com.bridgelabz.linkedin.testcases.JoinNowPageTest.beginTest()'><b>beginTest</b><br>Test class: com.bridgelabz.linkedin.testcases.JoinNowPageTest</td>
<td><div><pre>java.lang.NoClassDefFoundError: okhttp3/ConnectionPool
	at org.openqa.selenium.remote.internal.OkHttpClient$Factory.&lt;init&gt;(OkHttpClient.java:116)
	at org.openqa.selenium.remote.http.HttpClient$Factory.createDefault(HttpClient.java:66)
	at org.openqa.selenium.remote.HttpCommandExecutor.&lt;clinit&gt;(HttpCommandExecutor.java:47)
	at org.openqa.selenium.chrome.ChromeDriver.&lt;init&gt;(ChromeDriver.java:181)
	at org.openqa.selenium.chrome.ChromeDriver.&lt;init&gt;(ChromeDriver.java:168)
	at org.openqa.selenium.chrome.ChromeDriver.&lt;init&gt;(ChromeDriver.java:123)
	at com.bridgelabz.linkedin.base.TestBase.init_Driver(TestBase.java:68)
	at com.bridgelabz.linkedin.testcases.JoinNowPageTest.beginTest(JoinNowPageTest.java:36)
Caused by: java.lang.ClassNotFoundException: okhttp3.ConnectionPool
	at java.base/jdk.internal.loader.BuiltinClassLoader.loadClass(BuiltinClassLoader.java:581)
	at java.base/jdk.internal.loader.ClassLoaders$AppClassLoader.loadClass(ClassLoaders.java:178)
	at java.base/java.lang.ClassLoader.loadClass(ClassLoader.java:521)
	... 36 more
... Removed 28 stack frames</pre></div><a href='#' onClick='toggleBox("stack-trace2027317551", this, "Click to show all stack frames", "Click to hide stack frames")'>Click to show all stack frames</a>
<div class='stack-trace' id='stack-trace2027317551'><pre>java.lang.NoClassDefFoundError: okhttp3/ConnectionPool
	at org.openqa.selenium.remote.internal.OkHttpClient$Factory.&lt;init&gt;(OkHttpClient.java:116)
	at org.openqa.selenium.remote.http.HttpClient$Factory.createDefault(HttpClient.java:66)
	at org.openqa.selenium.remote.HttpCommandExecutor.&lt;clinit&gt;(HttpCommandExecutor.java:47)
	at org.openqa.selenium.chrome.ChromeDriver.&lt;init&gt;(ChromeDriver.java:181)
	at org.openqa.selenium.chrome.ChromeDriver.&lt;init&gt;(ChromeDriver.java:168)
	at org.openqa.selenium.chrome.ChromeDriver.&lt;init&gt;(ChromeDriver.java:123)
	at com.bridgelabz.linkedin.base.TestBase.init_Driver(TestBase.java:68)
	at com.bridgelabz.linkedin.testcases.JoinNowPageTest.beginTest(JoinNowPageTest.java:36)
	at java.base/jdk.internal.reflect.NativeMethodAccessorImpl.invoke0(Native Method)
	at java.base/jdk.internal.reflect.NativeMethodAccessorImpl.invoke(NativeMethodAccessorImpl.java:62)
	at java.base/jdk.internal.reflect.DelegatingMethodAccessorImpl.invoke(DelegatingMethodAccessorImpl.java:43)
	at java.base/java.lang.reflect.Method.invoke(Method.java:566)
	at org.testng.internal.MethodInvocationHelper.invokeMethod(MethodInvocationHelper.java:124)
	at org.testng.internal.MethodInvocationHelper.invokeMethodConsideringTimeout(MethodInvocationHelper.java:59)
	at org.testng.internal.Invoker.invokeConfigurationMethod(Invoker.java:458)
	at org.testng.internal.Invoker.invokeConfigurations(Invoker.java:222)
	at org.testng.internal.Invoker.invokeMethod(Invoker.java:523)
	at org.testng.internal.Invoker.invokeTestMethod(Invoker.java:719)
	at org.testng.internal.Invoker.invokeTestMethods(Invoker.java:989)
	at org.testng.internal.TestMethodWorker.invokeTestMethods(TestMethodWorker.java:125)
	at org.testng.internal.TestMethodWorker.run(TestMethodWorker.java:109)
	at org.testng.TestRunner.privateRun(TestRunner.java:648)
	at org.testng.TestRunner.run(TestRunner.java:505)
	at org.testng.SuiteRunner.runTest(SuiteRunner.java:455)
	at org.testng.SuiteRunner.runSequentially(SuiteRunner.java:450)
	at org.testng.SuiteRunner.privateRun(SuiteRunner.java:415)
	at org.testng.SuiteRunner.run(SuiteRunner.java:364)
	at org.testng.SuiteRunnerWorker.runSuite(SuiteRunnerWorker.java:52)
	at org.testng.SuiteRunnerWorker.run(SuiteRunnerWorker.java:84)
	at org.testng.TestNG.runSuitesSequentially(TestNG.java:1208)
	at org.testng.TestNG.runSuitesLocally(TestNG.java:1137)
	at org.testng.TestNG.runSuites(TestNG.java:1049)
	at org.testng.TestNG.run(TestNG.java:1017)
	at org.testng.remote.AbstractRemoteTestNG.run(AbstractRemoteTestNG.java:115)
	at org.testng.remote.RemoteTestNG.initAndRun(RemoteTestNG.java:251)
	at org.testng.remote.RemoteTestNG.main(RemoteTestNG.java:77)
Caused by: java.lang.ClassNotFoundException: okhttp3.ConnectionPool
	at java.base/jdk.internal.loader.BuiltinClassLoader.loadClass(BuiltinClassLoader.java:581)
	at java.base/jdk.internal.loader.ClassLoaders$AppClassLoader.loadClass(ClassLoaders.java:178)
	at java.base/java.lang.ClassLoader.loadClass(ClassLoader.java:521)
	... 36 more
</pre></div></td>
<td>0</td>
<td>com.bridgelabz.linkedin.testcases.JoinNowPageTest@1ab3a8c8</td></tr>
<tr>
<td title='com.bridgelabz.linkedin.testcases.SignInPageTest.beginTest()'><b>beginTest</b><br>Test class: com.bridgelabz.linkedin.testcases.SignInPageTest</td>
<td><div><pre>java.lang.NoClassDefFoundError: Could not initialize class org.openqa.selenium.chrome.ChromeDriverCommandExecutor
	at org.openqa.selenium.chrome.ChromeDriver.&lt;init&gt;(ChromeDriver.java:181)
	at org.openqa.selenium.chrome.ChromeDriver.&lt;init&gt;(ChromeDriver.java:168)
	at org.openqa.selenium.chrome.ChromeDriver.&lt;init&gt;(ChromeDriver.java:123)
	at com.bridgelabz.linkedin.base.TestBase.init_Driver(TestBase.java:68)
	at com.bridgelabz.linkedin.testcases.SignInPageTest.beginTest(SignInPageTest.java:32)
... Removed 28 stack frames</pre></div><a href='#' onClick='toggleBox("stack-trace1560702077", this, "Click to show all stack frames", "Click to hide stack frames")'>Click to show all stack frames</a>
<div class='stack-trace' id='stack-trace1560702077'><pre>java.lang.NoClassDefFoundError: Could not initialize class org.openqa.selenium.chrome.ChromeDriverCommandExecutor
	at org.openqa.selenium.chrome.ChromeDriver.&lt;init&gt;(ChromeDriver.java:181)
	at org.openqa.selenium.chrome.ChromeDriver.&lt;init&gt;(ChromeDriver.java:168)
	at org.openqa.selenium.chrome.ChromeDriver.&lt;init&gt;(ChromeDriver.java:123)
	at com.bridgelabz.linkedin.base.TestBase.init_Driver(TestBase.java:68)
	at com.bridgelabz.linkedin.testcases.SignInPageTest.beginTest(SignInPageTest.java:32)
	at java.base/jdk.internal.reflect.NativeMethodAccessorImpl.invoke0(Native Method)
	at java.base/jdk.internal.reflect.NativeMethodAccessorImpl.invoke(NativeMethodAccessorImpl.java:62)
	at java.base/jdk.internal.reflect.DelegatingMethodAccessorImpl.invoke(DelegatingMethodAccessorImpl.java:43)
	at java.base/java.lang.reflect.Method.invoke(Method.java:566)
	at org.testng.internal.MethodInvocationHelper.invokeMethod(MethodInvocationHelper.java:124)
	at org.testng.internal.MethodInvocationHelper.invokeMethodConsideringTimeout(MethodInvocationHelper.java:59)
	at org.testng.internal.Invoker.invokeConfigurationMethod(Invoker.java:458)
	at org.testng.internal.Invoker.invokeConfigurations(Invoker.java:222)
	at org.testng.internal.Invoker.invokeMethod(Invoker.java:523)
	at org.testng.internal.Invoker.invokeTestMethod(Invoker.java:719)
	at org.testng.internal.Invoker.invokeTestMethods(Invoker.java:989)
	at org.testng.internal.TestMethodWorker.invokeTestMethods(TestMethodWorker.java:125)
	at org.testng.internal.TestMethodWorker.run(TestMethodWorker.java:109)
	at org.testng.TestRunner.privateRun(TestRunner.java:648)
	at org.testng.TestRunner.run(TestRunner.java:505)
	at org.testng.SuiteRunner.runTest(SuiteRunner.java:455)
	at org.testng.SuiteRunner.runSequentially(SuiteRunner.java:450)
	at org.testng.SuiteRunner.privateRun(SuiteRunner.java:415)
	at org.testng.SuiteRunner.run(SuiteRunner.java:364)
	at org.testng.SuiteRunnerWorker.runSuite(SuiteRunnerWorker.java:52)
	at org.testng.SuiteRunnerWorker.run(SuiteRunnerWorker.java:84)
	at org.testng.TestNG.runSuitesSequentially(TestNG.java:1208)
	at org.testng.TestNG.runSuitesLocally(TestNG.java:1137)
	at org.testng.TestNG.runSuites(TestNG.java:1049)
	at org.testng.TestNG.run(TestNG.java:1017)
	at org.testng.remote.AbstractRemoteTestNG.run(AbstractRemoteTestNG.java:115)
	at org.testng.remote.RemoteTestNG.initAndRun(RemoteTestNG.java:251)
	at org.testng.remote.RemoteTestNG.main(RemoteTestNG.java:77)
</pre></div></td>
<td>0</td>
<td>com.bridgelabz.linkedin.testcases.SignInPageTest@43195e57</td></tr>
<tr>
<td title='com.bridgelabz.linkedin.testcases.HomePageTest.beginTest()'><b>beginTest</b><br>Test class: com.bridgelabz.linkedin.testcases.HomePageTest</td>
<td><div><pre>java.lang.NoClassDefFoundError: Could not initialize class org.openqa.selenium.chrome.ChromeDriverCommandExecutor
	at org.openqa.selenium.chrome.ChromeDriver.&lt;init&gt;(ChromeDriver.java:181)
	at org.openqa.selenium.chrome.ChromeDriver.&lt;init&gt;(ChromeDriver.java:168)
	at org.openqa.selenium.chrome.ChromeDriver.&lt;init&gt;(ChromeDriver.java:123)
	at com.bridgelabz.linkedin.base.TestBase.init_Driver(TestBase.java:68)
	at com.bridgelabz.linkedin.testcases.HomePageTest.beginTest(HomePageTest.java:34)
... Removed 28 stack frames</pre></div><a href='#' onClick='toggleBox("stack-trace984412970", this, "Click to show all stack frames", "Click to hide stack frames")'>Click to show all stack frames</a>
<div class='stack-trace' id='stack-trace984412970'><pre>java.lang.NoClassDefFoundError: Could not initialize class org.openqa.selenium.chrome.ChromeDriverCommandExecutor
	at org.openqa.selenium.chrome.ChromeDriver.&lt;init&gt;(ChromeDriver.java:181)
	at org.openqa.selenium.chrome.ChromeDriver.&lt;init&gt;(ChromeDriver.java:168)
	at org.openqa.selenium.chrome.ChromeDriver.&lt;init&gt;(ChromeDriver.java:123)
	at com.bridgelabz.linkedin.base.TestBase.init_Driver(TestBase.java:68)
	at com.bridgelabz.linkedin.testcases.HomePageTest.beginTest(HomePageTest.java:34)
	at java.base/jdk.internal.reflect.NativeMethodAccessorImpl.invoke0(Native Method)
	at java.base/jdk.internal.reflect.NativeMethodAccessorImpl.invoke(NativeMethodAccessorImpl.java:62)
	at java.base/jdk.internal.reflect.DelegatingMethodAccessorImpl.invoke(DelegatingMethodAccessorImpl.java:43)
	at java.base/java.lang.reflect.Method.invoke(Method.java:566)
	at org.testng.internal.MethodInvocationHelper.invokeMethod(MethodInvocationHelper.java:124)
	at org.testng.internal.MethodInvocationHelper.invokeMethodConsideringTimeout(MethodInvocationHelper.java:59)
	at org.testng.internal.Invoker.invokeConfigurationMethod(Invoker.java:458)
	at org.testng.internal.Invoker.invokeConfigurations(Invoker.java:222)
	at org.testng.internal.Invoker.invokeMethod(Invoker.java:523)
	at org.testng.internal.Invoker.invokeTestMethod(Invoker.java:719)
	at org.testng.internal.Invoker.invokeTestMethods(Invoker.java:989)
	at org.testng.internal.TestMethodWorker.invokeTestMethods(TestMethodWorker.java:125)
	at org.testng.internal.TestMethodWorker.run(TestMethodWorker.java:109)
	at org.testng.TestRunner.privateRun(TestRunner.java:648)
	at org.testng.TestRunner.run(TestRunner.java:505)
	at org.testng.SuiteRunner.runTest(SuiteRunner.java:455)
	at org.testng.SuiteRunner.runSequentially(SuiteRunner.java:450)
	at org.testng.SuiteRunner.privateRun(SuiteRunner.java:415)
	at org.testng.SuiteRunner.run(SuiteRunner.java:364)
	at org.testng.SuiteRunnerWorker.runSuite(SuiteRunnerWorker.java:52)
	at org.testng.SuiteRunnerWorker.run(SuiteRunnerWorker.java:84)
	at org.testng.TestNG.runSuitesSequentially(TestNG.java:1208)
	at org.testng.TestNG.runSuitesLocally(TestNG.java:1137)
	at org.testng.TestNG.runSuites(TestNG.java:1049)
	at org.testng.TestNG.run(TestNG.java:1017)
	at org.testng.remote.AbstractRemoteTestNG.run(AbstractRemoteTestNG.java:115)
	at org.testng.remote.RemoteTestNG.initAndRun(RemoteTestNG.java:251)
	at org.testng.remote.RemoteTestNG.main(RemoteTestNG.java:77)
</pre></div></td>
<td>0</td>
<td>com.bridgelabz.linkedin.testcases.HomePageTest@333291e3</td></tr>
</table><p>
<table width='100%' border='1' class='invocation-skipped'>
<tr><td colspan='4' align='center'><b>SKIPPED CONFIGURATIONS</b></td></tr>
<tr><td><b>Test method</b></td>
<td width="30%"><b>Exception</b></td>
<td width="10%"><b>Time (seconds)</b></td>
<td><b>Instance</b></td>
</tr>
<tr>
<td title='com.bridgelabz.linkedin.testcases.JoinNowPageTest.beginTest()'><b>beginTest</b><br>Test class: com.bridgelabz.linkedin.testcases.JoinNowPageTest</td>
<td></td>
<td>0</td>
<td>com.bridgelabz.linkedin.testcases.JoinNowPageTest@1ab3a8c8</td></tr>
<tr>
<td title='com.bridgelabz.linkedin.testcases.JoinNowPageTest.beginTest()'><b>beginTest</b><br>Test class: com.bridgelabz.linkedin.testcases.JoinNowPageTest</td>
<td></td>
<td>0</td>
<td>com.bridgelabz.linkedin.testcases.JoinNowPageTest@1ab3a8c8</td></tr>
<tr>
<td title='com.bridgelabz.linkedin.testcases.JoinNowPageTest.beginTest()'><b>beginTest</b><br>Test class: com.bridgelabz.linkedin.testcases.JoinNowPageTest</td>
<td></td>
<td>0</td>
<td>com.bridgelabz.linkedin.testcases.JoinNowPageTest@1ab3a8c8</td></tr>
<tr>
<td title='com.bridgelabz.linkedin.testcases.SignInPageTest.beginTest()'><b>beginTest</b><br>Test class: com.bridgelabz.linkedin.testcases.SignInPageTest</td>
<td></td>
<td>0</td>
<td>com.bridgelabz.linkedin.testcases.SignInPageTest@43195e57</td></tr>
<tr>
<td title='com.bridgelabz.linkedin.testcases.SignInPageTest.beginTest()'><b>beginTest</b><br>Test class: com.bridgelabz.linkedin.testcases.SignInPageTest</td>
<td></td>
<td>0</td>
<td>com.bridgelabz.linkedin.testcases.SignInPageTest@43195e57</td></tr>
<tr>
<td title='com.bridgelabz.linkedin.testcases.SignInPageTest.beginTest()'><b>beginTest</b><br>Test class: com.bridgelabz.linkedin.testcases.SignInPageTest</td>
<td></td>
<td>0</td>
<td>com.bridgelabz.linkedin.testcases.SignInPageTest@43195e57</td></tr>
<tr>
<td title='com.bridgelabz.linkedin.testcases.SignInPageTest.beginTest()'><b>beginTest</b><br>Test class: com.bridgelabz.linkedin.testcases.SignInPageTest</td>
<td></td>
<td>0</td>
<td>com.bridgelabz.linkedin.testcases.SignInPageTest@43195e57</td></tr>
<tr>
<td title='com.bridgelabz.linkedin.testcases.SignInPageTest.beginTest()'><b>beginTest</b><br>Test class: com.bridgelabz.linkedin.testcases.SignInPageTest</td>
<td></td>
<td>0</td>
<td>com.bridgelabz.linkedin.testcases.SignInPageTest@43195e57</td></tr>
<tr>
<td title='com.bridgelabz.linkedin.testcases.SignInPageTest.beginTest()'><b>beginTest</b><br>Test class: com.bridgelabz.linkedin.testcases.SignInPageTest</td>
<td></td>
<td>0</td>
<td>com.bridgelabz.linkedin.testcases.SignInPageTest@43195e57</td></tr>
<tr>
<td title='com.bridgelabz.linkedin.testcases.SignInPageTest.beginTest()'><b>beginTest</b><br>Test class: com.bridgelabz.linkedin.testcases.SignInPageTest</td>
<td></td>
<td>0</td>
<td>com.bridgelabz.linkedin.testcases.SignInPageTest@43195e57</td></tr>
<tr>
<td title='com.bridgelabz.linkedin.testcases.SignInPageTest.beginTest()'><b>beginTest</b><br>Test class: com.bridgelabz.linkedin.testcases.SignInPageTest</td>
<td></td>
<td>0</td>
<td>com.bridgelabz.linkedin.testcases.SignInPageTest@43195e57</td></tr>
<tr>
<td title='com.bridgelabz.linkedin.testcases.SignInPageTest.beginTest()'><b>beginTest</b><br>Test class: com.bridgelabz.linkedin.testcases.SignInPageTest</td>
<td></td>
<td>0</td>
<td>com.bridgelabz.linkedin.testcases.SignInPageTest@43195e57</td></tr>
<tr>
<td title='com.bridgelabz.linkedin.testcases.SignInPageTest.beginTest()'><b>beginTest</b><br>Test class: com.bridgelabz.linkedin.testcases.SignInPageTest</td>
<td></td>
<td>0</td>
<td>com.bridgelabz.linkedin.testcases.SignInPageTest@43195e57</td></tr>
<tr>
<td title='com.bridgelabz.linkedin.testcases.HomePageTest.beginTest()'><b>beginTest</b><br>Test class: com.bridgelabz.linkedin.testcases.HomePageTest</td>
<td></td>
<td>0</td>
<td>com.bridgelabz.linkedin.testcases.HomePageTest@333291e3</td></tr>
<tr>
<td title='com.bridgelabz.linkedin.testcases.HomePageTest.beginTest()'><b>beginTest</b><br>Test class: com.bridgelabz.linkedin.testcases.HomePageTest</td>
<td></td>
<td>0</td>
<td>com.bridgelabz.linkedin.testcases.HomePageTest@333291e3</td></tr>
<tr>
<td title='com.bridgelabz.linkedin.testcases.HomePageTest.beginTest()'><b>beginTest</b><br>Test class: com.bridgelabz.linkedin.testcases.HomePageTest</td>
<td></td>
<td>0</td>
<td>com.bridgelabz.linkedin.testcases.HomePageTest@333291e3</td></tr>
<tr>
<td title='com.bridgelabz.linkedin.testcases.HomePageTest.beginTest()'><b>beginTest</b><br>Test class: com.bridgelabz.linkedin.testcases.HomePageTest</td>
<td></td>
<td>0</td>
<td>com.bridgelabz.linkedin.testcases.HomePageTest@333291e3</td></tr>
<tr>
<td title='com.bridgelabz.linkedin.testcases.HomePageTest.beginTest()'><b>beginTest</b><br>Test class: com.bridgelabz.linkedin.testcases.HomePageTest</td>
<td></td>
<td>0</td>
<td>com.bridgelabz.linkedin.testcases.HomePageTest@333291e3</td></tr>
<tr>
<td title='com.bridgelabz.linkedin.testcases.JoinNowPageTest.endTest()'><b>endTest</b><br>Test class: com.bridgelabz.linkedin.testcases.JoinNowPageTest</td>
<td></td>
<td>0</td>
<td>com.bridgelabz.linkedin.testcases.JoinNowPageTest@1ab3a8c8</td></tr>
<tr>
<td title='com.bridgelabz.linkedin.testcases.JoinNowPageTest.endTest()'><b>endTest</b><br>Test class: com.bridgelabz.linkedin.testcases.JoinNowPageTest</td>
<td></td>
<td>0</td>
<td>com.bridgelabz.linkedin.testcases.JoinNowPageTest@1ab3a8c8</td></tr>
<tr>
<td title='com.bridgelabz.linkedin.testcases.JoinNowPageTest.endTest()'><b>endTest</b><br>Test class: com.bridgelabz.linkedin.testcases.JoinNowPageTest</td>
<td></td>
<td>0</td>
<td>com.bridgelabz.linkedin.testcases.JoinNowPageTest@1ab3a8c8</td></tr>
<tr>
<td title='com.bridgelabz.linkedin.testcases.JoinNowPageTest.endTest()'><b>endTest</b><br>Test class: com.bridgelabz.linkedin.testcases.JoinNowPageTest</td>
<td></td>
<td>0</td>
<td>com.bridgelabz.linkedin.testcases.JoinNowPageTest@1ab3a8c8</td></tr>
<tr>
<td title='com.bridgelabz.linkedin.testcases.SignInPageTest.endTest()'><b>endTest</b><br>Test class: com.bridgelabz.linkedin.testcases.SignInPageTest</td>
<td></td>
<td>0</td>
<td>com.bridgelabz.linkedin.testcases.SignInPageTest@43195e57</td></tr>
<tr>
<td title='com.bridgelabz.linkedin.testcases.SignInPageTest.endTest()'><b>endTest</b><br>Test class: com.bridgelabz.linkedin.testcases.SignInPageTest</td>
<td></td>
<td>0</td>
<td>com.bridgelabz.linkedin.testcases.SignInPageTest@43195e57</td></tr>
<tr>
<td title='com.bridgelabz.linkedin.testcases.SignInPageTest.endTest()'><b>endTest</b><br>Test class: com.bridgelabz.linkedin.testcases.SignInPageTest</td>
<td></td>
<td>0</td>
<td>com.bridgelabz.linkedin.testcases.SignInPageTest@43195e57</td></tr>
<tr>
<td title='com.bridgelabz.linkedin.testcases.SignInPageTest.endTest()'><b>endTest</b><br>Test class: com.bridgelabz.linkedin.testcases.SignInPageTest</td>
<td></td>
<td>0</td>
<td>com.bridgelabz.linkedin.testcases.SignInPageTest@43195e57</td></tr>
<tr>
<td title='com.bridgelabz.linkedin.testcases.SignInPageTest.endTest()'><b>endTest</b><br>Test class: com.bridgelabz.linkedin.testcases.SignInPageTest</td>
<td></td>
<td>0</td>
<td>com.bridgelabz.linkedin.testcases.SignInPageTest@43195e57</td></tr>
<tr>
<td title='com.bridgelabz.linkedin.testcases.SignInPageTest.endTest()'><b>endTest</b><br>Test class: com.bridgelabz.linkedin.testcases.SignInPageTest</td>
<td></td>
<td>0</td>
<td>com.bridgelabz.linkedin.testcases.SignInPageTest@43195e57</td></tr>
<tr>
<td title='com.bridgelabz.linkedin.testcases.SignInPageTest.endTest()'><b>endTest</b><br>Test class: com.bridgelabz.linkedin.testcases.SignInPageTest</td>
<td></td>
<td>0</td>
<td>com.bridgelabz.linkedin.testcases.SignInPageTest@43195e57</td></tr>
<tr>
<td title='com.bridgelabz.linkedin.testcases.SignInPageTest.endTest()'><b>endTest</b><br>Test class: com.bridgelabz.linkedin.testcases.SignInPageTest</td>
<td></td>
<td>0</td>
<td>com.bridgelabz.linkedin.testcases.SignInPageTest@43195e57</td></tr>
<tr>
<td title='com.bridgelabz.linkedin.testcases.SignInPageTest.endTest()'><b>endTest</b><br>Test class: com.bridgelabz.linkedin.testcases.SignInPageTest</td>
<td></td>
<td>0</td>
<td>com.bridgelabz.linkedin.testcases.SignInPageTest@43195e57</td></tr>
<tr>
<td title='com.bridgelabz.linkedin.testcases.SignInPageTest.endTest()'><b>endTest</b><br>Test class: com.bridgelabz.linkedin.testcases.SignInPageTest</td>
<td></td>
<td>0</td>
<td>com.bridgelabz.linkedin.testcases.SignInPageTest@43195e57</td></tr>
<tr>
<td title='com.bridgelabz.linkedin.testcases.SignInPageTest.endTest()'><b>endTest</b><br>Test class: com.bridgelabz.linkedin.testcases.SignInPageTest</td>
<td></td>
<td>0</td>
<td>com.bridgelabz.linkedin.testcases.SignInPageTest@43195e57</td></tr>
<tr>
<td title='com.bridgelabz.linkedin.testcases.HomePageTest.endTest()'><b>endTest</b><br>Test class: com.bridgelabz.linkedin.testcases.HomePageTest</td>
<td></td>
<td>0</td>
<td>com.bridgelabz.linkedin.testcases.HomePageTest@333291e3</td></tr>
<tr>
<td title='com.bridgelabz.linkedin.testcases.HomePageTest.endTest()'><b>endTest</b><br>Test class: com.bridgelabz.linkedin.testcases.HomePageTest</td>
<td></td>
<td>0</td>
<td>com.bridgelabz.linkedin.testcases.HomePageTest@333291e3</td></tr>
<tr>
<td title='com.bridgelabz.linkedin.testcases.HomePageTest.endTest()'><b>endTest</b><br>Test class: com.bridgelabz.linkedin.testcases.HomePageTest</td>
<td></td>
<td>0</td>
<td>com.bridgelabz.linkedin.testcases.HomePageTest@333291e3</td></tr>
<tr>
<td title='com.bridgelabz.linkedin.testcases.HomePageTest.endTest()'><b>endTest</b><br>Test class: com.bridgelabz.linkedin.testcases.HomePageTest</td>
<td></td>
<td>0</td>
<td>com.bridgelabz.linkedin.testcases.HomePageTest@333291e3</td></tr>
<tr>
<td title='com.bridgelabz.linkedin.testcases.HomePageTest.endTest()'><b>endTest</b><br>Test class: com.bridgelabz.linkedin.testcases.HomePageTest</td>
<td></td>
<td>0</td>
<td>com.bridgelabz.linkedin.testcases.HomePageTest@333291e3</td></tr>
<tr>
<td title='com.bridgelabz.linkedin.testcases.HomePageTest.endTest()'><b>endTest</b><br>Test class: com.bridgelabz.linkedin.testcases.HomePageTest</td>
<td></td>
<td>0</td>
<td>com.bridgelabz.linkedin.testcases.HomePageTest@333291e3</td></tr>
</table><p>
<table width='100%' border='1' class='invocation-skipped'>
<tr><td colspan='4' align='center'><b>SKIPPED TESTS</b></td></tr>
<tr><td><b>Test method</b></td>
<td width="30%"><b>Exception</b></td>
<td width="10%"><b>Time (seconds)</b></td>
<td><b>Instance</b></td>
</tr>
<tr>
<td title='com.bridgelabz.linkedin.testcases.SignInPageTest.SignInTest()'><b>SignInTest</b><br>Test class: com.bridgelabz.linkedin.testcases.SignInPageTest</td>
<td><div><pre>java.lang.NoClassDefFoundError: Could not initialize class org.openqa.selenium.chrome.ChromeDriverCommandExecutor
	at org.openqa.selenium.chrome.ChromeDriver.&lt;init&gt;(ChromeDriver.java:181)
	at org.openqa.selenium.chrome.ChromeDriver.&lt;init&gt;(ChromeDriver.java:168)
	at org.openqa.selenium.chrome.ChromeDriver.&lt;init&gt;(ChromeDriver.java:123)
	at com.bridgelabz.linkedin.base.TestBase.init_Driver(TestBase.java:68)
	at com.bridgelabz.linkedin.testcases.SignInPageTest.beginTest(SignInPageTest.java:32)
... Removed 28 stack frames</pre></div><a href='#' onClick='toggleBox("stack-trace507911745", this, "Click to show all stack frames", "Click to hide stack frames")'>Click to show all stack frames</a>
<div class='stack-trace' id='stack-trace507911745'><pre>java.lang.NoClassDefFoundError: Could not initialize class org.openqa.selenium.chrome.ChromeDriverCommandExecutor
	at org.openqa.selenium.chrome.ChromeDriver.&lt;init&gt;(ChromeDriver.java:181)
	at org.openqa.selenium.chrome.ChromeDriver.&lt;init&gt;(ChromeDriver.java:168)
	at org.openqa.selenium.chrome.ChromeDriver.&lt;init&gt;(ChromeDriver.java:123)
	at com.bridgelabz.linkedin.base.TestBase.init_Driver(TestBase.java:68)
	at com.bridgelabz.linkedin.testcases.SignInPageTest.beginTest(SignInPageTest.java:32)
	at java.base/jdk.internal.reflect.NativeMethodAccessorImpl.invoke0(Native Method)
	at java.base/jdk.internal.reflect.NativeMethodAccessorImpl.invoke(NativeMethodAccessorImpl.java:62)
	at java.base/jdk.internal.reflect.DelegatingMethodAccessorImpl.invoke(DelegatingMethodAccessorImpl.java:43)
	at java.base/java.lang.reflect.Method.invoke(Method.java:566)
	at org.testng.internal.MethodInvocationHelper.invokeMethod(MethodInvocationHelper.java:124)
	at org.testng.internal.MethodInvocationHelper.invokeMethodConsideringTimeout(MethodInvocationHelper.java:59)
	at org.testng.internal.Invoker.invokeConfigurationMethod(Invoker.java:458)
	at org.testng.internal.Invoker.invokeConfigurations(Invoker.java:222)
	at org.testng.internal.Invoker.invokeMethod(Invoker.java:523)
	at org.testng.internal.Invoker.invokeTestMethod(Invoker.java:719)
	at org.testng.internal.Invoker.invokeTestMethods(Invoker.java:989)
	at org.testng.internal.TestMethodWorker.invokeTestMethods(TestMethodWorker.java:125)
	at org.testng.internal.TestMethodWorker.run(TestMethodWorker.java:109)
	at org.testng.TestRunner.privateRun(TestRunner.java:648)
	at org.testng.TestRunner.run(TestRunner.java:505)
	at org.testng.SuiteRunner.runTest(SuiteRunner.java:455)
	at org.testng.SuiteRunner.runSequentially(SuiteRunner.java:450)
	at org.testng.SuiteRunner.privateRun(SuiteRunner.java:415)
	at org.testng.SuiteRunner.run(SuiteRunner.java:364)
	at org.testng.SuiteRunnerWorker.runSuite(SuiteRunnerWorker.java:52)
	at org.testng.SuiteRunnerWorker.run(SuiteRunnerWorker.java:84)
	at org.testng.TestNG.runSuitesSequentially(TestNG.java:1208)
	at org.testng.TestNG.runSuitesLocally(TestNG.java:1137)
	at org.testng.TestNG.runSuites(TestNG.java:1049)
	at org.testng.TestNG.run(TestNG.java:1017)
	at org.testng.remote.AbstractRemoteTestNG.run(AbstractRemoteTestNG.java:115)
	at org.testng.remote.RemoteTestNG.initAndRun(RemoteTestNG.java:251)
	at org.testng.remote.RemoteTestNG.main(RemoteTestNG.java:77)
</pre></div></td>
<td>0</td>
<td>com.bridgelabz.linkedin.testcases.SignInPageTest@43195e57</td></tr>
<tr>
<td title='com.bridgelabz.linkedin.testcases.SignInPageTest.SignInTest()'><b>SignInTest</b><br>Test class: com.bridgelabz.linkedin.testcases.SignInPageTest</td>
<td><div><pre>java.lang.NoClassDefFoundError: Could not initialize class org.openqa.selenium.chrome.ChromeDriverCommandExecutor
	at org.openqa.selenium.chrome.ChromeDriver.&lt;init&gt;(ChromeDriver.java:181)
	at org.openqa.selenium.chrome.ChromeDriver.&lt;init&gt;(ChromeDriver.java:168)
	at org.openqa.selenium.chrome.ChromeDriver.&lt;init&gt;(ChromeDriver.java:123)
	at com.bridgelabz.linkedin.base.TestBase.init_Driver(TestBase.java:68)
	at com.bridgelabz.linkedin.testcases.SignInPageTest.beginTest(SignInPageTest.java:32)
... Removed 28 stack frames</pre></div><a href='#' onClick='toggleBox("stack-trace201392112", this, "Click to show all stack frames", "Click to hide stack frames")'>Click to show all stack frames</a>
<div class='stack-trace' id='stack-trace201392112'><pre>java.lang.NoClassDefFoundError: Could not initialize class org.openqa.selenium.chrome.ChromeDriverCommandExecutor
	at org.openqa.selenium.chrome.ChromeDriver.&lt;init&gt;(ChromeDriver.java:181)
	at org.openqa.selenium.chrome.ChromeDriver.&lt;init&gt;(ChromeDriver.java:168)
	at org.openqa.selenium.chrome.ChromeDriver.&lt;init&gt;(ChromeDriver.java:123)
	at com.bridgelabz.linkedin.base.TestBase.init_Driver(TestBase.java:68)
	at com.bridgelabz.linkedin.testcases.SignInPageTest.beginTest(SignInPageTest.java:32)
	at java.base/jdk.internal.reflect.NativeMethodAccessorImpl.invoke0(Native Method)
	at java.base/jdk.internal.reflect.NativeMethodAccessorImpl.invoke(NativeMethodAccessorImpl.java:62)
	at java.base/jdk.internal.reflect.DelegatingMethodAccessorImpl.invoke(DelegatingMethodAccessorImpl.java:43)
	at java.base/java.lang.reflect.Method.invoke(Method.java:566)
	at org.testng.internal.MethodInvocationHelper.invokeMethod(MethodInvocationHelper.java:124)
	at org.testng.internal.MethodInvocationHelper.invokeMethodConsideringTimeout(MethodInvocationHelper.java:59)
	at org.testng.internal.Invoker.invokeConfigurationMethod(Invoker.java:458)
	at org.testng.internal.Invoker.invokeConfigurations(Invoker.java:222)
	at org.testng.internal.Invoker.invokeMethod(Invoker.java:523)
	at org.testng.internal.Invoker.invokeTestMethod(Invoker.java:719)
	at org.testng.internal.Invoker.invokeTestMethods(Invoker.java:989)
	at org.testng.internal.TestMethodWorker.invokeTestMethods(TestMethodWorker.java:125)
	at org.testng.internal.TestMethodWorker.run(TestMethodWorker.java:109)
	at org.testng.TestRunner.privateRun(TestRunner.java:648)
	at org.testng.TestRunner.run(TestRunner.java:505)
	at org.testng.SuiteRunner.runTest(SuiteRunner.java:455)
	at org.testng.SuiteRunner.runSequentially(SuiteRunner.java:450)
	at org.testng.SuiteRunner.privateRun(SuiteRunner.java:415)
	at org.testng.SuiteRunner.run(SuiteRunner.java:364)
	at org.testng.SuiteRunnerWorker.runSuite(SuiteRunnerWorker.java:52)
	at org.testng.SuiteRunnerWorker.run(SuiteRunnerWorker.java:84)
	at org.testng.TestNG.runSuitesSequentially(TestNG.java:1208)
	at org.testng.TestNG.runSuitesLocally(TestNG.java:1137)
	at org.testng.TestNG.runSuites(TestNG.java:1049)
	at org.testng.TestNG.run(TestNG.java:1017)
	at org.testng.remote.AbstractRemoteTestNG.run(AbstractRemoteTestNG.java:115)
	at org.testng.remote.RemoteTestNG.initAndRun(RemoteTestNG.java:251)
	at org.testng.remote.RemoteTestNG.main(RemoteTestNG.java:77)
</pre></div></td>
<td>0</td>
<td>com.bridgelabz.linkedin.testcases.SignInPageTest@43195e57</td></tr>
<tr>
<td title='com.bridgelabz.linkedin.testcases.SignInPageTest.SignInTest()'><b>SignInTest</b><br>Test class: com.bridgelabz.linkedin.testcases.SignInPageTest</td>
<td><div><pre>java.lang.NoClassDefFoundError: Could not initialize class org.openqa.selenium.chrome.ChromeDriverCommandExecutor
	at org.openqa.selenium.chrome.ChromeDriver.&lt;init&gt;(ChromeDriver.java:181)
	at org.openqa.selenium.chrome.ChromeDriver.&lt;init&gt;(ChromeDriver.java:168)
	at org.openqa.selenium.chrome.ChromeDriver.&lt;init&gt;(ChromeDriver.java:123)
	at com.bridgelabz.linkedin.base.TestBase.init_Driver(TestBase.java:68)
	at com.bridgelabz.linkedin.testcases.SignInPageTest.beginTest(SignInPageTest.java:32)
... Removed 28 stack frames</pre></div><a href='#' onClick='toggleBox("stack-trace1510087865", this, "Click to show all stack frames", "Click to hide stack frames")'>Click to show all stack frames</a>
<div class='stack-trace' id='stack-trace1510087865'><pre>java.lang.NoClassDefFoundError: Could not initialize class org.openqa.selenium.chrome.ChromeDriverCommandExecutor
	at org.openqa.selenium.chrome.ChromeDriver.&lt;init&gt;(ChromeDriver.java:181)
	at org.openqa.selenium.chrome.ChromeDriver.&lt;init&gt;(ChromeDriver.java:168)
	at org.openqa.selenium.chrome.ChromeDriver.&lt;init&gt;(ChromeDriver.java:123)
	at com.bridgelabz.linkedin.base.TestBase.init_Driver(TestBase.java:68)
	at com.bridgelabz.linkedin.testcases.SignInPageTest.beginTest(SignInPageTest.java:32)
	at java.base/jdk.internal.reflect.NativeMethodAccessorImpl.invoke0(Native Method)
	at java.base/jdk.internal.reflect.NativeMethodAccessorImpl.invoke(NativeMethodAccessorImpl.java:62)
	at java.base/jdk.internal.reflect.DelegatingMethodAccessorImpl.invoke(DelegatingMethodAccessorImpl.java:43)
	at java.base/java.lang.reflect.Method.invoke(Method.java:566)
	at org.testng.internal.MethodInvocationHelper.invokeMethod(MethodInvocationHelper.java:124)
	at org.testng.internal.MethodInvocationHelper.invokeMethodConsideringTimeout(MethodInvocationHelper.java:59)
	at org.testng.internal.Invoker.invokeConfigurationMethod(Invoker.java:458)
	at org.testng.internal.Invoker.invokeConfigurations(Invoker.java:222)
	at org.testng.internal.Invoker.invokeMethod(Invoker.java:523)
	at org.testng.internal.Invoker.invokeTestMethod(Invoker.java:719)
	at org.testng.internal.Invoker.invokeTestMethods(Invoker.java:989)
	at org.testng.internal.TestMethodWorker.invokeTestMethods(TestMethodWorker.java:125)
	at org.testng.internal.TestMethodWorker.run(TestMethodWorker.java:109)
	at org.testng.TestRunner.privateRun(TestRunner.java:648)
	at org.testng.TestRunner.run(TestRunner.java:505)
	at org.testng.SuiteRunner.runTest(SuiteRunner.java:455)
	at org.testng.SuiteRunner.runSequentially(SuiteRunner.java:450)
	at org.testng.SuiteRunner.privateRun(SuiteRunner.java:415)
	at org.testng.SuiteRunner.run(SuiteRunner.java:364)
	at org.testng.SuiteRunnerWorker.runSuite(SuiteRunnerWorker.java:52)
	at org.testng.SuiteRunnerWorker.run(SuiteRunnerWorker.java:84)
	at org.testng.TestNG.runSuitesSequentially(TestNG.java:1208)
	at org.testng.TestNG.runSuitesLocally(TestNG.java:1137)
	at org.testng.TestNG.runSuites(TestNG.java:1049)
	at org.testng.TestNG.run(TestNG.java:1017)
	at org.testng.remote.AbstractRemoteTestNG.run(AbstractRemoteTestNG.java:115)
	at org.testng.remote.RemoteTestNG.initAndRun(RemoteTestNG.java:251)
	at org.testng.remote.RemoteTestNG.main(RemoteTestNG.java:77)
</pre></div></td>
<td>0</td>
<td>com.bridgelabz.linkedin.testcases.SignInPageTest@43195e57</td></tr>
<tr>
<td title='com.bridgelabz.linkedin.testcases.SignInPageTest.SignInTest()'><b>SignInTest</b><br>Test class: com.bridgelabz.linkedin.testcases.SignInPageTest</td>
<td><div><pre>java.lang.NoClassDefFoundError: Could not initialize class org.openqa.selenium.chrome.ChromeDriverCommandExecutor
	at org.openqa.selenium.chrome.ChromeDriver.&lt;init&gt;(ChromeDriver.java:181)
	at org.openqa.selenium.chrome.ChromeDriver.&lt;init&gt;(ChromeDriver.java:168)
	at org.openqa.selenium.chrome.ChromeDriver.&lt;init&gt;(ChromeDriver.java:123)
	at com.bridgelabz.linkedin.base.TestBase.init_Driver(TestBase.java:68)
	at com.bridgelabz.linkedin.testcases.SignInPageTest.beginTest(SignInPageTest.java:32)
... Removed 28 stack frames</pre></div><a href='#' onClick='toggleBox("stack-trace12139181", this, "Click to show all stack frames", "Click to hide stack frames")'>Click to show all stack frames</a>
<div class='stack-trace' id='stack-trace12139181'><pre>java.lang.NoClassDefFoundError: Could not initialize class org.openqa.selenium.chrome.ChromeDriverCommandExecutor
	at org.openqa.selenium.chrome.ChromeDriver.&lt;init&gt;(ChromeDriver.java:181)
	at org.openqa.selenium.chrome.ChromeDriver.&lt;init&gt;(ChromeDriver.java:168)
	at org.openqa.selenium.chrome.ChromeDriver.&lt;init&gt;(ChromeDriver.java:123)
	at com.bridgelabz.linkedin.base.TestBase.init_Driver(TestBase.java:68)
	at com.bridgelabz.linkedin.testcases.SignInPageTest.beginTest(SignInPageTest.java:32)
	at java.base/jdk.internal.reflect.NativeMethodAccessorImpl.invoke0(Native Method)
	at java.base/jdk.internal.reflect.NativeMethodAccessorImpl.invoke(NativeMethodAccessorImpl.java:62)
	at java.base/jdk.internal.reflect.DelegatingMethodAccessorImpl.invoke(DelegatingMethodAccessorImpl.java:43)
	at java.base/java.lang.reflect.Method.invoke(Method.java:566)
	at org.testng.internal.MethodInvocationHelper.invokeMethod(MethodInvocationHelper.java:124)
	at org.testng.internal.MethodInvocationHelper.invokeMethodConsideringTimeout(MethodInvocationHelper.java:59)
	at org.testng.internal.Invoker.invokeConfigurationMethod(Invoker.java:458)
	at org.testng.internal.Invoker.invokeConfigurations(Invoker.java:222)
	at org.testng.internal.Invoker.invokeMethod(Invoker.java:523)
	at org.testng.internal.Invoker.invokeTestMethod(Invoker.java:719)
	at org.testng.internal.Invoker.invokeTestMethods(Invoker.java:989)
	at org.testng.internal.TestMethodWorker.invokeTestMethods(TestMethodWorker.java:125)
	at org.testng.internal.TestMethodWorker.run(TestMethodWorker.java:109)
	at org.testng.TestRunner.privateRun(TestRunner.java:648)
	at org.testng.TestRunner.run(TestRunner.java:505)
	at org.testng.SuiteRunner.runTest(SuiteRunner.java:455)
	at org.testng.SuiteRunner.runSequentially(SuiteRunner.java:450)
	at org.testng.SuiteRunner.privateRun(SuiteRunner.java:415)
	at org.testng.SuiteRunner.run(SuiteRunner.java:364)
	at org.testng.SuiteRunnerWorker.runSuite(SuiteRunnerWorker.java:52)
	at org.testng.SuiteRunnerWorker.run(SuiteRunnerWorker.java:84)
	at org.testng.TestNG.runSuitesSequentially(TestNG.java:1208)
	at org.testng.TestNG.runSuitesLocally(TestNG.java:1137)
	at org.testng.TestNG.runSuites(TestNG.java:1049)
	at org.testng.TestNG.run(TestNG.java:1017)
	at org.testng.remote.AbstractRemoteTestNG.run(AbstractRemoteTestNG.java:115)
	at org.testng.remote.RemoteTestNG.initAndRun(RemoteTestNG.java:251)
	at org.testng.remote.RemoteTestNG.main(RemoteTestNG.java:77)
</pre></div></td>
<td>0</td>
<td>com.bridgelabz.linkedin.testcases.SignInPageTest@43195e57</td></tr>
<tr>
<td title='com.bridgelabz.linkedin.testcases.SignInPageTest.SignInTest()'><b>SignInTest</b><br>Test class: com.bridgelabz.linkedin.testcases.SignInPageTest</td>
<td><div><pre>java.lang.NoClassDefFoundError: Could not initialize class org.openqa.selenium.chrome.ChromeDriverCommandExecutor
	at org.openqa.selenium.chrome.ChromeDriver.&lt;init&gt;(ChromeDriver.java:181)
	at org.openqa.selenium.chrome.ChromeDriver.&lt;init&gt;(ChromeDriver.java:168)
	at org.openqa.selenium.chrome.ChromeDriver.&lt;init&gt;(ChromeDriver.java:123)
	at com.bridgelabz.linkedin.base.TestBase.init_Driver(TestBase.java:68)
	at com.bridgelabz.linkedin.testcases.SignInPageTest.beginTest(SignInPageTest.java:32)
... Removed 28 stack frames</pre></div><a href='#' onClick='toggleBox("stack-trace780843029", this, "Click to show all stack frames", "Click to hide stack frames")'>Click to show all stack frames</a>
<div class='stack-trace' id='stack-trace780843029'><pre>java.lang.NoClassDefFoundError: Could not initialize class org.openqa.selenium.chrome.ChromeDriverCommandExecutor
	at org.openqa.selenium.chrome.ChromeDriver.&lt;init&gt;(ChromeDriver.java:181)
	at org.openqa.selenium.chrome.ChromeDriver.&lt;init&gt;(ChromeDriver.java:168)
	at org.openqa.selenium.chrome.ChromeDriver.&lt;init&gt;(ChromeDriver.java:123)
	at com.bridgelabz.linkedin.base.TestBase.init_Driver(TestBase.java:68)
	at com.bridgelabz.linkedin.testcases.SignInPageTest.beginTest(SignInPageTest.java:32)
	at java.base/jdk.internal.reflect.NativeMethodAccessorImpl.invoke0(Native Method)
	at java.base/jdk.internal.reflect.NativeMethodAccessorImpl.invoke(NativeMethodAccessorImpl.java:62)
	at java.base/jdk.internal.reflect.DelegatingMethodAccessorImpl.invoke(DelegatingMethodAccessorImpl.java:43)
	at java.base/java.lang.reflect.Method.invoke(Method.java:566)
	at org.testng.internal.MethodInvocationHelper.invokeMethod(MethodInvocationHelper.java:124)
	at org.testng.internal.MethodInvocationHelper.invokeMethodConsideringTimeout(MethodInvocationHelper.java:59)
	at org.testng.internal.Invoker.invokeConfigurationMethod(Invoker.java:458)
	at org.testng.internal.Invoker.invokeConfigurations(Invoker.java:222)
	at org.testng.internal.Invoker.invokeMethod(Invoker.java:523)
	at org.testng.internal.Invoker.invokeTestMethod(Invoker.java:719)
	at org.testng.internal.Invoker.invokeTestMethods(Invoker.java:989)
	at org.testng.internal.TestMethodWorker.invokeTestMethods(TestMethodWorker.java:125)
	at org.testng.internal.TestMethodWorker.run(TestMethodWorker.java:109)
	at org.testng.TestRunner.privateRun(TestRunner.java:648)
	at org.testng.TestRunner.run(TestRunner.java:505)
	at org.testng.SuiteRunner.runTest(SuiteRunner.java:455)
	at org.testng.SuiteRunner.runSequentially(SuiteRunner.java:450)
	at org.testng.SuiteRunner.privateRun(SuiteRunner.java:415)
	at org.testng.SuiteRunner.run(SuiteRunner.java:364)
	at org.testng.SuiteRunnerWorker.runSuite(SuiteRunnerWorker.java:52)
	at org.testng.SuiteRunnerWorker.run(SuiteRunnerWorker.java:84)
	at org.testng.TestNG.runSuitesSequentially(TestNG.java:1208)
	at org.testng.TestNG.runSuitesLocally(TestNG.java:1137)
	at org.testng.TestNG.runSuites(TestNG.java:1049)
	at org.testng.TestNG.run(TestNG.java:1017)
	at org.testng.remote.AbstractRemoteTestNG.run(AbstractRemoteTestNG.java:115)
	at org.testng.remote.RemoteTestNG.initAndRun(RemoteTestNG.java:251)
	at org.testng.remote.RemoteTestNG.main(RemoteTestNG.java:77)
</pre></div></td>
<td>0</td>
<td>com.bridgelabz.linkedin.testcases.SignInPageTest@43195e57</td></tr>
<tr>
<td title='com.bridgelabz.linkedin.testcases.SignInPageTest.SignInTest()'><b>SignInTest</b><br>Test class: com.bridgelabz.linkedin.testcases.SignInPageTest</td>
<td><div><pre>java.lang.NoClassDefFoundError: Could not initialize class org.openqa.selenium.chrome.ChromeDriverCommandExecutor
	at org.openqa.selenium.chrome.ChromeDriver.&lt;init&gt;(ChromeDriver.java:181)
	at org.openqa.selenium.chrome.ChromeDriver.&lt;init&gt;(ChromeDriver.java:168)
	at org.openqa.selenium.chrome.ChromeDriver.&lt;init&gt;(ChromeDriver.java:123)
	at com.bridgelabz.linkedin.base.TestBase.init_Driver(TestBase.java:68)
	at com.bridgelabz.linkedin.testcases.SignInPageTest.beginTest(SignInPageTest.java:32)
... Removed 28 stack frames</pre></div><a href='#' onClick='toggleBox("stack-trace1094272405", this, "Click to show all stack frames", "Click to hide stack frames")'>Click to show all stack frames</a>
<div class='stack-trace' id='stack-trace1094272405'><pre>java.lang.NoClassDefFoundError: Could not initialize class org.openqa.selenium.chrome.ChromeDriverCommandExecutor
	at org.openqa.selenium.chrome.ChromeDriver.&lt;init&gt;(ChromeDriver.java:181)
	at org.openqa.selenium.chrome.ChromeDriver.&lt;init&gt;(ChromeDriver.java:168)
	at org.openqa.selenium.chrome.ChromeDriver.&lt;init&gt;(ChromeDriver.java:123)
	at com.bridgelabz.linkedin.base.TestBase.init_Driver(TestBase.java:68)
	at com.bridgelabz.linkedin.testcases.SignInPageTest.beginTest(SignInPageTest.java:32)
	at java.base/jdk.internal.reflect.NativeMethodAccessorImpl.invoke0(Native Method)
	at java.base/jdk.internal.reflect.NativeMethodAccessorImpl.invoke(NativeMethodAccessorImpl.java:62)
	at java.base/jdk.internal.reflect.DelegatingMethodAccessorImpl.invoke(DelegatingMethodAccessorImpl.java:43)
	at java.base/java.lang.reflect.Method.invoke(Method.java:566)
	at org.testng.internal.MethodInvocationHelper.invokeMethod(MethodInvocationHelper.java:124)
	at org.testng.internal.MethodInvocationHelper.invokeMethodConsideringTimeout(MethodInvocationHelper.java:59)
	at org.testng.internal.Invoker.invokeConfigurationMethod(Invoker.java:458)
	at org.testng.internal.Invoker.invokeConfigurations(Invoker.java:222)
	at org.testng.internal.Invoker.invokeMethod(Invoker.java:523)
	at org.testng.internal.Invoker.invokeTestMethod(Invoker.java:719)
	at org.testng.internal.Invoker.invokeTestMethods(Invoker.java:989)
	at org.testng.internal.TestMethodWorker.invokeTestMethods(TestMethodWorker.java:125)
	at org.testng.internal.TestMethodWorker.run(TestMethodWorker.java:109)
	at org.testng.TestRunner.privateRun(TestRunner.java:648)
	at org.testng.TestRunner.run(TestRunner.java:505)
	at org.testng.SuiteRunner.runTest(SuiteRunner.java:455)
	at org.testng.SuiteRunner.runSequentially(SuiteRunner.java:450)
	at org.testng.SuiteRunner.privateRun(SuiteRunner.java:415)
	at org.testng.SuiteRunner.run(SuiteRunner.java:364)
	at org.testng.SuiteRunnerWorker.runSuite(SuiteRunnerWorker.java:52)
	at org.testng.SuiteRunnerWorker.run(SuiteRunnerWorker.java:84)
	at org.testng.TestNG.runSuitesSequentially(TestNG.java:1208)
	at org.testng.TestNG.runSuitesLocally(TestNG.java:1137)
	at org.testng.TestNG.runSuites(TestNG.java:1049)
	at org.testng.TestNG.run(TestNG.java:1017)
	at org.testng.remote.AbstractRemoteTestNG.run(AbstractRemoteTestNG.java:115)
	at org.testng.remote.RemoteTestNG.initAndRun(RemoteTestNG.java:251)
	at org.testng.remote.RemoteTestNG.main(RemoteTestNG.java:77)
</pre></div></td>
<td>0</td>
<td>com.bridgelabz.linkedin.testcases.SignInPageTest@43195e57</td></tr>
<tr>
<td title='com.bridgelabz.linkedin.testcases.HomePageTest.createTextPostTest()'><b>createTextPostTest</b><br>Test class: com.bridgelabz.linkedin.testcases.HomePageTest</td>
<td><div><pre>java.lang.NoClassDefFoundError: Could not initialize class org.openqa.selenium.chrome.ChromeDriverCommandExecutor
	at org.openqa.selenium.chrome.ChromeDriver.&lt;init&gt;(ChromeDriver.java:181)
	at org.openqa.selenium.chrome.ChromeDriver.&lt;init&gt;(ChromeDriver.java:168)
	at org.openqa.selenium.chrome.ChromeDriver.&lt;init&gt;(ChromeDriver.java:123)
	at com.bridgelabz.linkedin.base.TestBase.init_Driver(TestBase.java:68)
	at com.bridgelabz.linkedin.testcases.HomePageTest.beginTest(HomePageTest.java:34)
... Removed 28 stack frames</pre></div><a href='#' onClick='toggleBox("stack-trace1340057206", this, "Click to show all stack frames", "Click to hide stack frames")'>Click to show all stack frames</a>
<div class='stack-trace' id='stack-trace1340057206'><pre>java.lang.NoClassDefFoundError: Could not initialize class org.openqa.selenium.chrome.ChromeDriverCommandExecutor
	at org.openqa.selenium.chrome.ChromeDriver.&lt;init&gt;(ChromeDriver.java:181)
	at org.openqa.selenium.chrome.ChromeDriver.&lt;init&gt;(ChromeDriver.java:168)
	at org.openqa.selenium.chrome.ChromeDriver.&lt;init&gt;(ChromeDriver.java:123)
	at com.bridgelabz.linkedin.base.TestBase.init_Driver(TestBase.java:68)
	at com.bridgelabz.linkedin.testcases.HomePageTest.beginTest(HomePageTest.java:34)
	at java.base/jdk.internal.reflect.NativeMethodAccessorImpl.invoke0(Native Method)
	at java.base/jdk.internal.reflect.NativeMethodAccessorImpl.invoke(NativeMethodAccessorImpl.java:62)
	at java.base/jdk.internal.reflect.DelegatingMethodAccessorImpl.invoke(DelegatingMethodAccessorImpl.java:43)
	at java.base/java.lang.reflect.Method.invoke(Method.java:566)
	at org.testng.internal.MethodInvocationHelper.invokeMethod(MethodInvocationHelper.java:124)
	at org.testng.internal.MethodInvocationHelper.invokeMethodConsideringTimeout(MethodInvocationHelper.java:59)
	at org.testng.internal.Invoker.invokeConfigurationMethod(Invoker.java:458)
	at org.testng.internal.Invoker.invokeConfigurations(Invoker.java:222)
	at org.testng.internal.Invoker.invokeMethod(Invoker.java:523)
	at org.testng.internal.Invoker.invokeTestMethod(Invoker.java:719)
	at org.testng.internal.Invoker.invokeTestMethods(Invoker.java:989)
	at org.testng.internal.TestMethodWorker.invokeTestMethods(TestMethodWorker.java:125)
	at org.testng.internal.TestMethodWorker.run(TestMethodWorker.java:109)
	at org.testng.TestRunner.privateRun(TestRunner.java:648)
	at org.testng.TestRunner.run(TestRunner.java:505)
	at org.testng.SuiteRunner.runTest(SuiteRunner.java:455)
	at org.testng.SuiteRunner.runSequentially(SuiteRunner.java:450)
	at org.testng.SuiteRunner.privateRun(SuiteRunner.java:415)
	at org.testng.SuiteRunner.run(SuiteRunner.java:364)
	at org.testng.SuiteRunnerWorker.runSuite(SuiteRunnerWorker.java:52)
	at org.testng.SuiteRunnerWorker.run(SuiteRunnerWorker.java:84)
	at org.testng.TestNG.runSuitesSequentially(TestNG.java:1208)
	at org.testng.TestNG.runSuitesLocally(TestNG.java:1137)
	at org.testng.TestNG.runSuites(TestNG.java:1049)
	at org.testng.TestNG.run(TestNG.java:1017)
	at org.testng.remote.AbstractRemoteTestNG.run(AbstractRemoteTestNG.java:115)
	at org.testng.remote.RemoteTestNG.initAndRun(RemoteTestNG.java:251)
	at org.testng.remote.RemoteTestNG.main(RemoteTestNG.java:77)
</pre></div></td>
<td>0</td>
<td>com.bridgelabz.linkedin.testcases.HomePageTest@333291e3</td></tr>
<tr>
<td title='com.bridgelabz.linkedin.testcases.HomePageTest.createTextPostTest()'><b>createTextPostTest</b><br>Test class: com.bridgelabz.linkedin.testcases.HomePageTest</td>
<td><div><pre>java.lang.NoClassDefFoundError: Could not initialize class org.openqa.selenium.chrome.ChromeDriverCommandExecutor
	at org.openqa.selenium.chrome.ChromeDriver.&lt;init&gt;(ChromeDriver.java:181)
	at org.openqa.selenium.chrome.ChromeDriver.&lt;init&gt;(ChromeDriver.java:168)
	at org.openqa.selenium.chrome.ChromeDriver.&lt;init&gt;(ChromeDriver.java:123)
	at com.bridgelabz.linkedin.base.TestBase.init_Driver(TestBase.java:68)
	at com.bridgelabz.linkedin.testcases.HomePageTest.beginTest(HomePageTest.java:34)
... Removed 28 stack frames</pre></div><a href='#' onClick='toggleBox("stack-trace100708535", this, "Click to show all stack frames", "Click to hide stack frames")'>Click to show all stack frames</a>
<div class='stack-trace' id='stack-trace100708535'><pre>java.lang.NoClassDefFoundError: Could not initialize class org.openqa.selenium.chrome.ChromeDriverCommandExecutor
	at org.openqa.selenium.chrome.ChromeDriver.&lt;init&gt;(ChromeDriver.java:181)
	at org.openqa.selenium.chrome.ChromeDriver.&lt;init&gt;(ChromeDriver.java:168)
	at org.openqa.selenium.chrome.ChromeDriver.&lt;init&gt;(ChromeDriver.java:123)
	at com.bridgelabz.linkedin.base.TestBase.init_Driver(TestBase.java:68)
	at com.bridgelabz.linkedin.testcases.HomePageTest.beginTest(HomePageTest.java:34)
	at java.base/jdk.internal.reflect.NativeMethodAccessorImpl.invoke0(Native Method)
	at java.base/jdk.internal.reflect.NativeMethodAccessorImpl.invoke(NativeMethodAccessorImpl.java:62)
	at java.base/jdk.internal.reflect.DelegatingMethodAccessorImpl.invoke(DelegatingMethodAccessorImpl.java:43)
	at java.base/java.lang.reflect.Method.invoke(Method.java:566)
	at org.testng.internal.MethodInvocationHelper.invokeMethod(MethodInvocationHelper.java:124)
	at org.testng.internal.MethodInvocationHelper.invokeMethodConsideringTimeout(MethodInvocationHelper.java:59)
	at org.testng.internal.Invoker.invokeConfigurationMethod(Invoker.java:458)
	at org.testng.internal.Invoker.invokeConfigurations(Invoker.java:222)
	at org.testng.internal.Invoker.invokeMethod(Invoker.java:523)
	at org.testng.internal.Invoker.invokeTestMethod(Invoker.java:719)
	at org.testng.internal.Invoker.invokeTestMethods(Invoker.java:989)
	at org.testng.internal.TestMethodWorker.invokeTestMethods(TestMethodWorker.java:125)
	at org.testng.internal.TestMethodWorker.run(TestMethodWorker.java:109)
	at org.testng.TestRunner.privateRun(TestRunner.java:648)
	at org.testng.TestRunner.run(TestRunner.java:505)
	at org.testng.SuiteRunner.runTest(SuiteRunner.java:455)
	at org.testng.SuiteRunner.runSequentially(SuiteRunner.java:450)
	at org.testng.SuiteRunner.privateRun(SuiteRunner.java:415)
	at org.testng.SuiteRunner.run(SuiteRunner.java:364)
	at org.testng.SuiteRunnerWorker.runSuite(SuiteRunnerWorker.java:52)
	at org.testng.SuiteRunnerWorker.run(SuiteRunnerWorker.java:84)
	at org.testng.TestNG.runSuitesSequentially(TestNG.java:1208)
	at org.testng.TestNG.runSuitesLocally(TestNG.java:1137)
	at org.testng.TestNG.runSuites(TestNG.java:1049)
	at org.testng.TestNG.run(TestNG.java:1017)
	at org.testng.remote.AbstractRemoteTestNG.run(AbstractRemoteTestNG.java:115)
	at org.testng.remote.RemoteTestNG.initAndRun(RemoteTestNG.java:251)
	at org.testng.remote.RemoteTestNG.main(RemoteTestNG.java:77)
</pre></div></td>
<td>0</td>
<td>com.bridgelabz.linkedin.testcases.HomePageTest@333291e3</td></tr>
<tr>
<td title='com.bridgelabz.linkedin.testcases.HomePageTest.createTextPostTest()'><b>createTextPostTest</b><br>Test class: com.bridgelabz.linkedin.testcases.HomePageTest</td>
<td><div><pre>java.lang.NoClassDefFoundError: Could not initialize class org.openqa.selenium.chrome.ChromeDriverCommandExecutor
	at org.openqa.selenium.chrome.ChromeDriver.&lt;init&gt;(ChromeDriver.java:181)
	at org.openqa.selenium.chrome.ChromeDriver.&lt;init&gt;(ChromeDriver.java:168)
	at org.openqa.selenium.chrome.ChromeDriver.&lt;init&gt;(ChromeDriver.java:123)
	at com.bridgelabz.linkedin.base.TestBase.init_Driver(TestBase.java:68)
	at com.bridgelabz.linkedin.testcases.HomePageTest.beginTest(HomePageTest.java:34)
... Removed 28 stack frames</pre></div><a href='#' onClick='toggleBox("stack-trace1144897090", this, "Click to show all stack frames", "Click to hide stack frames")'>Click to show all stack frames</a>
<div class='stack-trace' id='stack-trace1144897090'><pre>java.lang.NoClassDefFoundError: Could not initialize class org.openqa.selenium.chrome.ChromeDriverCommandExecutor
	at org.openqa.selenium.chrome.ChromeDriver.&lt;init&gt;(ChromeDriver.java:181)
	at org.openqa.selenium.chrome.ChromeDriver.&lt;init&gt;(ChromeDriver.java:168)
	at org.openqa.selenium.chrome.ChromeDriver.&lt;init&gt;(ChromeDriver.java:123)
	at com.bridgelabz.linkedin.base.TestBase.init_Driver(TestBase.java:68)
	at com.bridgelabz.linkedin.testcases.HomePageTest.beginTest(HomePageTest.java:34)
	at java.base/jdk.internal.reflect.NativeMethodAccessorImpl.invoke0(Native Method)
	at java.base/jdk.internal.reflect.NativeMethodAccessorImpl.invoke(NativeMethodAccessorImpl.java:62)
	at java.base/jdk.internal.reflect.DelegatingMethodAccessorImpl.invoke(DelegatingMethodAccessorImpl.java:43)
	at java.base/java.lang.reflect.Method.invoke(Method.java:566)
	at org.testng.internal.MethodInvocationHelper.invokeMethod(MethodInvocationHelper.java:124)
	at org.testng.internal.MethodInvocationHelper.invokeMethodConsideringTimeout(MethodInvocationHelper.java:59)
	at org.testng.internal.Invoker.invokeConfigurationMethod(Invoker.java:458)
	at org.testng.internal.Invoker.invokeConfigurations(Invoker.java:222)
	at org.testng.internal.Invoker.invokeMethod(Invoker.java:523)
	at org.testng.internal.Invoker.invokeTestMethod(Invoker.java:719)
	at org.testng.internal.Invoker.invokeTestMethods(Invoker.java:989)
	at org.testng.internal.TestMethodWorker.invokeTestMethods(TestMethodWorker.java:125)
	at org.testng.internal.TestMethodWorker.run(TestMethodWorker.java:109)
	at org.testng.TestRunner.privateRun(TestRunner.java:648)
	at org.testng.TestRunner.run(TestRunner.java:505)
	at org.testng.SuiteRunner.runTest(SuiteRunner.java:455)
	at org.testng.SuiteRunner.runSequentially(SuiteRunner.java:450)
	at org.testng.SuiteRunner.privateRun(SuiteRunner.java:415)
	at org.testng.SuiteRunner.run(SuiteRunner.java:364)
	at org.testng.SuiteRunnerWorker.runSuite(SuiteRunnerWorker.java:52)
	at org.testng.SuiteRunnerWorker.run(SuiteRunnerWorker.java:84)
	at org.testng.TestNG.runSuitesSequentially(TestNG.java:1208)
	at org.testng.TestNG.runSuitesLocally(TestNG.java:1137)
	at org.testng.TestNG.runSuites(TestNG.java:1049)
	at org.testng.TestNG.run(TestNG.java:1017)
	at org.testng.remote.AbstractRemoteTestNG.run(AbstractRemoteTestNG.java:115)
	at org.testng.remote.RemoteTestNG.initAndRun(RemoteTestNG.java:251)
	at org.testng.remote.RemoteTestNG.main(RemoteTestNG.java:77)
</pre></div></td>
<td>0</td>
<td>com.bridgelabz.linkedin.testcases.HomePageTest@333291e3</td></tr>
<tr>
<td title='com.bridgelabz.linkedin.testcases.JoinNowPageTest.registrationPageTest()'><b>registrationPageTest</b><br>Test class: com.bridgelabz.linkedin.testcases.JoinNowPageTest</td>
<td><div><pre>java.lang.NoClassDefFoundError: okhttp3/ConnectionPool
	at org.openqa.selenium.remote.internal.OkHttpClient$Factory.&lt;init&gt;(OkHttpClient.java:116)
	at org.openqa.selenium.remote.http.HttpClient$Factory.createDefault(HttpClient.java:66)
	at org.openqa.selenium.remote.HttpCommandExecutor.&lt;clinit&gt;(HttpCommandExecutor.java:47)
	at org.openqa.selenium.chrome.ChromeDriver.&lt;init&gt;(ChromeDriver.java:181)
	at org.openqa.selenium.chrome.ChromeDriver.&lt;init&gt;(ChromeDriver.java:168)
	at org.openqa.selenium.chrome.ChromeDriver.&lt;init&gt;(ChromeDriver.java:123)
	at com.bridgelabz.linkedin.base.TestBase.init_Driver(TestBase.java:68)
	at com.bridgelabz.linkedin.testcases.JoinNowPageTest.beginTest(JoinNowPageTest.java:36)
Caused by: java.lang.ClassNotFoundException: okhttp3.ConnectionPool
	at java.base/jdk.internal.loader.BuiltinClassLoader.loadClass(BuiltinClassLoader.java:581)
	at java.base/jdk.internal.loader.ClassLoaders$AppClassLoader.loadClass(ClassLoaders.java:178)
	at java.base/java.lang.ClassLoader.loadClass(ClassLoader.java:521)
	... 36 more
... Removed 28 stack frames</pre></div><a href='#' onClick='toggleBox("stack-trace41031373", this, "Click to show all stack frames", "Click to hide stack frames")'>Click to show all stack frames</a>
<div class='stack-trace' id='stack-trace41031373'><pre>java.lang.NoClassDefFoundError: okhttp3/ConnectionPool
	at org.openqa.selenium.remote.internal.OkHttpClient$Factory.&lt;init&gt;(OkHttpClient.java:116)
	at org.openqa.selenium.remote.http.HttpClient$Factory.createDefault(HttpClient.java:66)
	at org.openqa.selenium.remote.HttpCommandExecutor.&lt;clinit&gt;(HttpCommandExecutor.java:47)
	at org.openqa.selenium.chrome.ChromeDriver.&lt;init&gt;(ChromeDriver.java:181)
	at org.openqa.selenium.chrome.ChromeDriver.&lt;init&gt;(ChromeDriver.java:168)
	at org.openqa.selenium.chrome.ChromeDriver.&lt;init&gt;(ChromeDriver.java:123)
	at com.bridgelabz.linkedin.base.TestBase.init_Driver(TestBase.java:68)
	at com.bridgelabz.linkedin.testcases.JoinNowPageTest.beginTest(JoinNowPageTest.java:36)
	at java.base/jdk.internal.reflect.NativeMethodAccessorImpl.invoke0(Native Method)
	at java.base/jdk.internal.reflect.NativeMethodAccessorImpl.invoke(NativeMethodAccessorImpl.java:62)
	at java.base/jdk.internal.reflect.DelegatingMethodAccessorImpl.invoke(DelegatingMethodAccessorImpl.java:43)
	at java.base/java.lang.reflect.Method.invoke(Method.java:566)
	at org.testng.internal.MethodInvocationHelper.invokeMethod(MethodInvocationHelper.java:124)
	at org.testng.internal.MethodInvocationHelper.invokeMethodConsideringTimeout(MethodInvocationHelper.java:59)
	at org.testng.internal.Invoker.invokeConfigurationMethod(Invoker.java:458)
	at org.testng.internal.Invoker.invokeConfigurations(Invoker.java:222)
	at org.testng.internal.Invoker.invokeMethod(Invoker.java:523)
	at org.testng.internal.Invoker.invokeTestMethod(Invoker.java:719)
	at org.testng.internal.Invoker.invokeTestMethods(Invoker.java:989)
	at org.testng.internal.TestMethodWorker.invokeTestMethods(TestMethodWorker.java:125)
	at org.testng.internal.TestMethodWorker.run(TestMethodWorker.java:109)
	at org.testng.TestRunner.privateRun(TestRunner.java:648)
	at org.testng.TestRunner.run(TestRunner.java:505)
	at org.testng.SuiteRunner.runTest(SuiteRunner.java:455)
	at org.testng.SuiteRunner.runSequentially(SuiteRunner.java:450)
	at org.testng.SuiteRunner.privateRun(SuiteRunner.java:415)
	at org.testng.SuiteRunner.run(SuiteRunner.java:364)
	at org.testng.SuiteRunnerWorker.runSuite(SuiteRunnerWorker.java:52)
	at org.testng.SuiteRunnerWorker.run(SuiteRunnerWorker.java:84)
	at org.testng.TestNG.runSuitesSequentially(TestNG.java:1208)
	at org.testng.TestNG.runSuitesLocally(TestNG.java:1137)
	at org.testng.TestNG.runSuites(TestNG.java:1049)
	at org.testng.TestNG.run(TestNG.java:1017)
	at org.testng.remote.AbstractRemoteTestNG.run(AbstractRemoteTestNG.java:115)
	at org.testng.remote.RemoteTestNG.initAndRun(RemoteTestNG.java:251)
	at org.testng.remote.RemoteTestNG.main(RemoteTestNG.java:77)
Caused by: java.lang.ClassNotFoundException: okhttp3.ConnectionPool
	at java.base/jdk.internal.loader.BuiltinClassLoader.loadClass(BuiltinClassLoader.java:581)
	at java.base/jdk.internal.loader.ClassLoaders$AppClassLoader.loadClass(ClassLoaders.java:178)
	at java.base/java.lang.ClassLoader.loadClass(ClassLoader.java:521)
	... 36 more
</pre></div></td>
<td>0</td>
<td>com.bridgelabz.linkedin.testcases.JoinNowPageTest@1ab3a8c8</td></tr>
<tr>
<td title='com.bridgelabz.linkedin.testcases.HomePageTest.uploadImagePostTest()'><b>uploadImagePostTest</b><br>Test class: com.bridgelabz.linkedin.testcases.HomePageTest</td>
<td><div><pre>java.lang.NoClassDefFoundError: Could not initialize class org.openqa.selenium.chrome.ChromeDriverCommandExecutor
	at org.openqa.selenium.chrome.ChromeDriver.&lt;init&gt;(ChromeDriver.java:181)
	at org.openqa.selenium.chrome.ChromeDriver.&lt;init&gt;(ChromeDriver.java:168)
	at org.openqa.selenium.chrome.ChromeDriver.&lt;init&gt;(ChromeDriver.java:123)
	at com.bridgelabz.linkedin.base.TestBase.init_Driver(TestBase.java:68)
	at com.bridgelabz.linkedin.testcases.HomePageTest.beginTest(HomePageTest.java:34)
... Removed 28 stack frames</pre></div><a href='#' onClick='toggleBox("stack-trace1235635586", this, "Click to show all stack frames", "Click to hide stack frames")'>Click to show all stack frames</a>
<div class='stack-trace' id='stack-trace1235635586'><pre>java.lang.NoClassDefFoundError: Could not initialize class org.openqa.selenium.chrome.ChromeDriverCommandExecutor
	at org.openqa.selenium.chrome.ChromeDriver.&lt;init&gt;(ChromeDriver.java:181)
	at org.openqa.selenium.chrome.ChromeDriver.&lt;init&gt;(ChromeDriver.java:168)
	at org.openqa.selenium.chrome.ChromeDriver.&lt;init&gt;(ChromeDriver.java:123)
	at com.bridgelabz.linkedin.base.TestBase.init_Driver(TestBase.java:68)
	at com.bridgelabz.linkedin.testcases.HomePageTest.beginTest(HomePageTest.java:34)
	at java.base/jdk.internal.reflect.NativeMethodAccessorImpl.invoke0(Native Method)
	at java.base/jdk.internal.reflect.NativeMethodAccessorImpl.invoke(NativeMethodAccessorImpl.java:62)
	at java.base/jdk.internal.reflect.DelegatingMethodAccessorImpl.invoke(DelegatingMethodAccessorImpl.java:43)
	at java.base/java.lang.reflect.Method.invoke(Method.java:566)
	at org.testng.internal.MethodInvocationHelper.invokeMethod(MethodInvocationHelper.java:124)
	at org.testng.internal.MethodInvocationHelper.invokeMethodConsideringTimeout(MethodInvocationHelper.java:59)
	at org.testng.internal.Invoker.invokeConfigurationMethod(Invoker.java:458)
	at org.testng.internal.Invoker.invokeConfigurations(Invoker.java:222)
	at org.testng.internal.Invoker.invokeMethod(Invoker.java:523)
	at org.testng.internal.Invoker.invokeTestMethod(Invoker.java:719)
	at org.testng.internal.Invoker.invokeTestMethods(Invoker.java:989)
	at org.testng.internal.TestMethodWorker.invokeTestMethods(TestMethodWorker.java:125)
	at org.testng.internal.TestMethodWorker.run(TestMethodWorker.java:109)
	at org.testng.TestRunner.privateRun(TestRunner.java:648)
	at org.testng.TestRunner.run(TestRunner.java:505)
	at org.testng.SuiteRunner.runTest(SuiteRunner.java:455)
	at org.testng.SuiteRunner.runSequentially(SuiteRunner.java:450)
	at org.testng.SuiteRunner.privateRun(SuiteRunner.java:415)
	at org.testng.SuiteRunner.run(SuiteRunner.java:364)
	at org.testng.SuiteRunnerWorker.runSuite(SuiteRunnerWorker.java:52)
	at org.testng.SuiteRunnerWorker.run(SuiteRunnerWorker.java:84)
	at org.testng.TestNG.runSuitesSequentially(TestNG.java:1208)
	at org.testng.TestNG.runSuitesLocally(TestNG.java:1137)
	at org.testng.TestNG.runSuites(TestNG.java:1049)
	at org.testng.TestNG.run(TestNG.java:1017)
	at org.testng.remote.AbstractRemoteTestNG.run(AbstractRemoteTestNG.java:115)
	at org.testng.remote.RemoteTestNG.initAndRun(RemoteTestNG.java:251)
	at org.testng.remote.RemoteTestNG.main(RemoteTestNG.java:77)
</pre></div></td>
<td>0</td>
<td>com.bridgelabz.linkedin.testcases.HomePageTest@333291e3</td></tr>
<tr>
<td title='com.bridgelabz.linkedin.testcases.HomePageTest.uploadImagePostTest()'><b>uploadImagePostTest</b><br>Test class: com.bridgelabz.linkedin.testcases.HomePageTest</td>
<td><div><pre>java.lang.NoClassDefFoundError: Could not initialize class org.openqa.selenium.chrome.ChromeDriverCommandExecutor
	at org.openqa.selenium.chrome.ChromeDriver.&lt;init&gt;(ChromeDriver.java:181)
	at org.openqa.selenium.chrome.ChromeDriver.&lt;init&gt;(ChromeDriver.java:168)
	at org.openqa.selenium.chrome.ChromeDriver.&lt;init&gt;(ChromeDriver.java:123)
	at com.bridgelabz.linkedin.base.TestBase.init_Driver(TestBase.java:68)
	at com.bridgelabz.linkedin.testcases.HomePageTest.beginTest(HomePageTest.java:34)
... Removed 28 stack frames</pre></div><a href='#' onClick='toggleBox("stack-trace917277283", this, "Click to show all stack frames", "Click to hide stack frames")'>Click to show all stack frames</a>
<div class='stack-trace' id='stack-trace917277283'><pre>java.lang.NoClassDefFoundError: Could not initialize class org.openqa.selenium.chrome.ChromeDriverCommandExecutor
	at org.openqa.selenium.chrome.ChromeDriver.&lt;init&gt;(ChromeDriver.java:181)
	at org.openqa.selenium.chrome.ChromeDriver.&lt;init&gt;(ChromeDriver.java:168)
	at org.openqa.selenium.chrome.ChromeDriver.&lt;init&gt;(ChromeDriver.java:123)
	at com.bridgelabz.linkedin.base.TestBase.init_Driver(TestBase.java:68)
	at com.bridgelabz.linkedin.testcases.HomePageTest.beginTest(HomePageTest.java:34)
	at java.base/jdk.internal.reflect.NativeMethodAccessorImpl.invoke0(Native Method)
	at java.base/jdk.internal.reflect.NativeMethodAccessorImpl.invoke(NativeMethodAccessorImpl.java:62)
	at java.base/jdk.internal.reflect.DelegatingMethodAccessorImpl.invoke(DelegatingMethodAccessorImpl.java:43)
	at java.base/java.lang.reflect.Method.invoke(Method.java:566)
	at org.testng.internal.MethodInvocationHelper.invokeMethod(MethodInvocationHelper.java:124)
	at org.testng.internal.MethodInvocationHelper.invokeMethodConsideringTimeout(MethodInvocationHelper.java:59)
	at org.testng.internal.Invoker.invokeConfigurationMethod(Invoker.java:458)
	at org.testng.internal.Invoker.invokeConfigurations(Invoker.java:222)
	at org.testng.internal.Invoker.invokeMethod(Invoker.java:523)
	at org.testng.internal.Invoker.invokeTestMethod(Invoker.java:719)
	at org.testng.internal.Invoker.invokeTestMethods(Invoker.java:989)
	at org.testng.internal.TestMethodWorker.invokeTestMethods(TestMethodWorker.java:125)
	at org.testng.internal.TestMethodWorker.run(TestMethodWorker.java:109)
	at org.testng.TestRunner.privateRun(TestRunner.java:648)
	at org.testng.TestRunner.run(TestRunner.java:505)
	at org.testng.SuiteRunner.runTest(SuiteRunner.java:455)
	at org.testng.SuiteRunner.runSequentially(SuiteRunner.java:450)
	at org.testng.SuiteRunner.privateRun(SuiteRunner.java:415)
	at org.testng.SuiteRunner.run(SuiteRunner.java:364)
	at org.testng.SuiteRunnerWorker.runSuite(SuiteRunnerWorker.java:52)
	at org.testng.SuiteRunnerWorker.run(SuiteRunnerWorker.java:84)
	at org.testng.TestNG.runSuitesSequentially(TestNG.java:1208)
	at org.testng.TestNG.runSuitesLocally(TestNG.java:1137)
	at org.testng.TestNG.runSuites(TestNG.java:1049)
	at org.testng.TestNG.run(TestNG.java:1017)
	at org.testng.remote.AbstractRemoteTestNG.run(AbstractRemoteTestNG.java:115)
	at org.testng.remote.RemoteTestNG.initAndRun(RemoteTestNG.java:251)
	at org.testng.remote.RemoteTestNG.main(RemoteTestNG.java:77)
</pre></div></td>
<td>0</td>
<td>com.bridgelabz.linkedin.testcases.HomePageTest@333291e3</td></tr>
<tr>
<td title='com.bridgelabz.linkedin.testcases.JoinNowPageTest.validateChangeLanguageLinkTest()'><b>validateChangeLanguageLinkTest</b><br>Test class: com.bridgelabz.linkedin.testcases.JoinNowPageTest</td>
<td><div><pre>java.lang.NoClassDefFoundError: okhttp3/ConnectionPool
	at org.openqa.selenium.remote.internal.OkHttpClient$Factory.&lt;init&gt;(OkHttpClient.java:116)
	at org.openqa.selenium.remote.http.HttpClient$Factory.createDefault(HttpClient.java:66)
	at org.openqa.selenium.remote.HttpCommandExecutor.&lt;clinit&gt;(HttpCommandExecutor.java:47)
	at org.openqa.selenium.chrome.ChromeDriver.&lt;init&gt;(ChromeDriver.java:181)
	at org.openqa.selenium.chrome.ChromeDriver.&lt;init&gt;(ChromeDriver.java:168)
	at org.openqa.selenium.chrome.ChromeDriver.&lt;init&gt;(ChromeDriver.java:123)
	at com.bridgelabz.linkedin.base.TestBase.init_Driver(TestBase.java:68)
	at com.bridgelabz.linkedin.testcases.JoinNowPageTest.beginTest(JoinNowPageTest.java:36)
Caused by: java.lang.ClassNotFoundException: okhttp3.ConnectionPool
	at java.base/jdk.internal.loader.BuiltinClassLoader.loadClass(BuiltinClassLoader.java:581)
	at java.base/jdk.internal.loader.ClassLoaders$AppClassLoader.loadClass(ClassLoaders.java:178)
	at java.base/java.lang.ClassLoader.loadClass(ClassLoader.java:521)
	... 36 more
... Removed 28 stack frames</pre></div><a href='#' onClick='toggleBox("stack-trace1733581655", this, "Click to show all stack frames", "Click to hide stack frames")'>Click to show all stack frames</a>
<div class='stack-trace' id='stack-trace1733581655'><pre>java.lang.NoClassDefFoundError: okhttp3/ConnectionPool
	at org.openqa.selenium.remote.internal.OkHttpClient$Factory.&lt;init&gt;(OkHttpClient.java:116)
	at org.openqa.selenium.remote.http.HttpClient$Factory.createDefault(HttpClient.java:66)
	at org.openqa.selenium.remote.HttpCommandExecutor.&lt;clinit&gt;(HttpCommandExecutor.java:47)
	at org.openqa.selenium.chrome.ChromeDriver.&lt;init&gt;(ChromeDriver.java:181)
	at org.openqa.selenium.chrome.ChromeDriver.&lt;init&gt;(ChromeDriver.java:168)
	at org.openqa.selenium.chrome.ChromeDriver.&lt;init&gt;(ChromeDriver.java:123)
	at com.bridgelabz.linkedin.base.TestBase.init_Driver(TestBase.java:68)
	at com.bridgelabz.linkedin.testcases.JoinNowPageTest.beginTest(JoinNowPageTest.java:36)
	at java.base/jdk.internal.reflect.NativeMethodAccessorImpl.invoke0(Native Method)
	at java.base/jdk.internal.reflect.NativeMethodAccessorImpl.invoke(NativeMethodAccessorImpl.java:62)
	at java.base/jdk.internal.reflect.DelegatingMethodAccessorImpl.invoke(DelegatingMethodAccessorImpl.java:43)
	at java.base/java.lang.reflect.Method.invoke(Method.java:566)
	at org.testng.internal.MethodInvocationHelper.invokeMethod(MethodInvocationHelper.java:124)
	at org.testng.internal.MethodInvocationHelper.invokeMethodConsideringTimeout(MethodInvocationHelper.java:59)
	at org.testng.internal.Invoker.invokeConfigurationMethod(Invoker.java:458)
	at org.testng.internal.Invoker.invokeConfigurations(Invoker.java:222)
	at org.testng.internal.Invoker.invokeMethod(Invoker.java:523)
	at org.testng.internal.Invoker.invokeTestMethod(Invoker.java:719)
	at org.testng.internal.Invoker.invokeTestMethods(Invoker.java:989)
	at org.testng.internal.TestMethodWorker.invokeTestMethods(TestMethodWorker.java:125)
	at org.testng.internal.TestMethodWorker.run(TestMethodWorker.java:109)
	at org.testng.TestRunner.privateRun(TestRunner.java:648)
	at org.testng.TestRunner.run(TestRunner.java:505)
	at org.testng.SuiteRunner.runTest(SuiteRunner.java:455)
	at org.testng.SuiteRunner.runSequentially(SuiteRunner.java:450)
	at org.testng.SuiteRunner.privateRun(SuiteRunner.java:415)
	at org.testng.SuiteRunner.run(SuiteRunner.java:364)
	at org.testng.SuiteRunnerWorker.runSuite(SuiteRunnerWorker.java:52)
	at org.testng.SuiteRunnerWorker.run(SuiteRunnerWorker.java:84)
	at org.testng.TestNG.runSuitesSequentially(TestNG.java:1208)
	at org.testng.TestNG.runSuitesLocally(TestNG.java:1137)
	at org.testng.TestNG.runSuites(TestNG.java:1049)
	at org.testng.TestNG.run(TestNG.java:1017)
	at org.testng.remote.AbstractRemoteTestNG.run(AbstractRemoteTestNG.java:115)
	at org.testng.remote.RemoteTestNG.initAndRun(RemoteTestNG.java:251)
	at org.testng.remote.RemoteTestNG.main(RemoteTestNG.java:77)
Caused by: java.lang.ClassNotFoundException: okhttp3.ConnectionPool
	at java.base/jdk.internal.loader.BuiltinClassLoader.loadClass(BuiltinClassLoader.java:581)
	at java.base/jdk.internal.loader.ClassLoaders$AppClassLoader.loadClass(ClassLoaders.java:178)
	at java.base/java.lang.ClassLoader.loadClass(ClassLoader.java:521)
	... 36 more
</pre></div></td>
<td>0</td>
<td>com.bridgelabz.linkedin.testcases.JoinNowPageTest@1ab3a8c8</td></tr>
<tr>
<td title='com.bridgelabz.linkedin.testcases.SignInPageTest.validateForgetPasswordLinkTest()'><b>validateForgetPasswordLinkTest</b><br>Test class: com.bridgelabz.linkedin.testcases.SignInPageTest</td>
<td><div><pre>java.lang.NoClassDefFoundError: Could not initialize class org.openqa.selenium.chrome.ChromeDriverCommandExecutor
	at org.openqa.selenium.chrome.ChromeDriver.&lt;init&gt;(ChromeDriver.java:181)
	at org.openqa.selenium.chrome.ChromeDriver.&lt;init&gt;(ChromeDriver.java:168)
	at org.openqa.selenium.chrome.ChromeDriver.&lt;init&gt;(ChromeDriver.java:123)
	at com.bridgelabz.linkedin.base.TestBase.init_Driver(TestBase.java:68)
	at com.bridgelabz.linkedin.testcases.SignInPageTest.beginTest(SignInPageTest.java:32)
... Removed 28 stack frames</pre></div><a href='#' onClick='toggleBox("stack-trace1466558382", this, "Click to show all stack frames", "Click to hide stack frames")'>Click to show all stack frames</a>
<div class='stack-trace' id='stack-trace1466558382'><pre>java.lang.NoClassDefFoundError: Could not initialize class org.openqa.selenium.chrome.ChromeDriverCommandExecutor
	at org.openqa.selenium.chrome.ChromeDriver.&lt;init&gt;(ChromeDriver.java:181)
	at org.openqa.selenium.chrome.ChromeDriver.&lt;init&gt;(ChromeDriver.java:168)
	at org.openqa.selenium.chrome.ChromeDriver.&lt;init&gt;(ChromeDriver.java:123)
	at com.bridgelabz.linkedin.base.TestBase.init_Driver(TestBase.java:68)
	at com.bridgelabz.linkedin.testcases.SignInPageTest.beginTest(SignInPageTest.java:32)
	at java.base/jdk.internal.reflect.NativeMethodAccessorImpl.invoke0(Native Method)
	at java.base/jdk.internal.reflect.NativeMethodAccessorImpl.invoke(NativeMethodAccessorImpl.java:62)
	at java.base/jdk.internal.reflect.DelegatingMethodAccessorImpl.invoke(DelegatingMethodAccessorImpl.java:43)
	at java.base/java.lang.reflect.Method.invoke(Method.java:566)
	at org.testng.internal.MethodInvocationHelper.invokeMethod(MethodInvocationHelper.java:124)
	at org.testng.internal.MethodInvocationHelper.invokeMethodConsideringTimeout(MethodInvocationHelper.java:59)
	at org.testng.internal.Invoker.invokeConfigurationMethod(Invoker.java:458)
	at org.testng.internal.Invoker.invokeConfigurations(Invoker.java:222)
	at org.testng.internal.Invoker.invokeMethod(Invoker.java:523)
	at org.testng.internal.Invoker.invokeTestMethod(Invoker.java:719)
	at org.testng.internal.Invoker.invokeTestMethods(Invoker.java:989)
	at org.testng.internal.TestMethodWorker.invokeTestMethods(TestMethodWorker.java:125)
	at org.testng.internal.TestMethodWorker.run(TestMethodWorker.java:109)
	at org.testng.TestRunner.privateRun(TestRunner.java:648)
	at org.testng.TestRunner.run(TestRunner.java:505)
	at org.testng.SuiteRunner.runTest(SuiteRunner.java:455)
	at org.testng.SuiteRunner.runSequentially(SuiteRunner.java:450)
	at org.testng.SuiteRunner.privateRun(SuiteRunner.java:415)
	at org.testng.SuiteRunner.run(SuiteRunner.java:364)
	at org.testng.SuiteRunnerWorker.runSuite(SuiteRunnerWorker.java:52)
	at org.testng.SuiteRunnerWorker.run(SuiteRunnerWorker.java:84)
	at org.testng.TestNG.runSuitesSequentially(TestNG.java:1208)
	at org.testng.TestNG.runSuitesLocally(TestNG.java:1137)
	at org.testng.TestNG.runSuites(TestNG.java:1049)
	at org.testng.TestNG.run(TestNG.java:1017)
	at org.testng.remote.AbstractRemoteTestNG.run(AbstractRemoteTestNG.java:115)
	at org.testng.remote.RemoteTestNG.initAndRun(RemoteTestNG.java:251)
	at org.testng.remote.RemoteTestNG.main(RemoteTestNG.java:77)
</pre></div></td>
<td>0</td>
<td>com.bridgelabz.linkedin.testcases.SignInPageTest@43195e57</td></tr>
<tr>
<td title='com.bridgelabz.linkedin.testcases.SignInPageTest.validateHidePasswordTest()'><b>validateHidePasswordTest</b><br>Test class: com.bridgelabz.linkedin.testcases.SignInPageTest</td>
<td><div><pre>java.lang.NoClassDefFoundError: Could not initialize class org.openqa.selenium.chrome.ChromeDriverCommandExecutor
	at org.openqa.selenium.chrome.ChromeDriver.&lt;init&gt;(ChromeDriver.java:181)
	at org.openqa.selenium.chrome.ChromeDriver.&lt;init&gt;(ChromeDriver.java:168)
	at org.openqa.selenium.chrome.ChromeDriver.&lt;init&gt;(ChromeDriver.java:123)
	at com.bridgelabz.linkedin.base.TestBase.init_Driver(TestBase.java:68)
	at com.bridgelabz.linkedin.testcases.SignInPageTest.beginTest(SignInPageTest.java:32)
... Removed 28 stack frames</pre></div><a href='#' onClick='toggleBox("stack-trace679449777", this, "Click to show all stack frames", "Click to hide stack frames")'>Click to show all stack frames</a>
<div class='stack-trace' id='stack-trace679449777'><pre>java.lang.NoClassDefFoundError: Could not initialize class org.openqa.selenium.chrome.ChromeDriverCommandExecutor
	at org.openqa.selenium.chrome.ChromeDriver.&lt;init&gt;(ChromeDriver.java:181)
	at org.openqa.selenium.chrome.ChromeDriver.&lt;init&gt;(ChromeDriver.java:168)
	at org.openqa.selenium.chrome.ChromeDriver.&lt;init&gt;(ChromeDriver.java:123)
	at com.bridgelabz.linkedin.base.TestBase.init_Driver(TestBase.java:68)
	at com.bridgelabz.linkedin.testcases.SignInPageTest.beginTest(SignInPageTest.java:32)
	at java.base/jdk.internal.reflect.NativeMethodAccessorImpl.invoke0(Native Method)
	at java.base/jdk.internal.reflect.NativeMethodAccessorImpl.invoke(NativeMethodAccessorImpl.java:62)
	at java.base/jdk.internal.reflect.DelegatingMethodAccessorImpl.invoke(DelegatingMethodAccessorImpl.java:43)
	at java.base/java.lang.reflect.Method.invoke(Method.java:566)
	at org.testng.internal.MethodInvocationHelper.invokeMethod(MethodInvocationHelper.java:124)
	at org.testng.internal.MethodInvocationHelper.invokeMethodConsideringTimeout(MethodInvocationHelper.java:59)
	at org.testng.internal.Invoker.invokeConfigurationMethod(Invoker.java:458)
	at org.testng.internal.Invoker.invokeConfigurations(Invoker.java:222)
	at org.testng.internal.Invoker.invokeMethod(Invoker.java:523)
	at org.testng.internal.Invoker.invokeTestMethod(Invoker.java:719)
	at org.testng.internal.Invoker.invokeTestMethods(Invoker.java:989)
	at org.testng.internal.TestMethodWorker.invokeTestMethods(TestMethodWorker.java:125)
	at org.testng.internal.TestMethodWorker.run(TestMethodWorker.java:109)
	at org.testng.TestRunner.privateRun(TestRunner.java:648)
	at org.testng.TestRunner.run(TestRunner.java:505)
	at org.testng.SuiteRunner.runTest(SuiteRunner.java:455)
	at org.testng.SuiteRunner.runSequentially(SuiteRunner.java:450)
	at org.testng.SuiteRunner.privateRun(SuiteRunner.java:415)
	at org.testng.SuiteRunner.run(SuiteRunner.java:364)
	at org.testng.SuiteRunnerWorker.runSuite(SuiteRunnerWorker.java:52)
	at org.testng.SuiteRunnerWorker.run(SuiteRunnerWorker.java:84)
	at org.testng.TestNG.runSuitesSequentially(TestNG.java:1208)
	at org.testng.TestNG.runSuitesLocally(TestNG.java:1137)
	at org.testng.TestNG.runSuites(TestNG.java:1049)
	at org.testng.TestNG.run(TestNG.java:1017)
	at org.testng.remote.AbstractRemoteTestNG.run(AbstractRemoteTestNG.java:115)
	at org.testng.remote.RemoteTestNG.initAndRun(RemoteTestNG.java:251)
	at org.testng.remote.RemoteTestNG.main(RemoteTestNG.java:77)
</pre></div></td>
<td>0</td>
<td>com.bridgelabz.linkedin.testcases.SignInPageTest@43195e57</td></tr>
<tr>
<td title='com.bridgelabz.linkedin.testcases.SignInPageTest.validateJoinNowLinkTest()'><b>validateJoinNowLinkTest</b><br>Test class: com.bridgelabz.linkedin.testcases.SignInPageTest</td>
<td><div><pre>java.lang.NoClassDefFoundError: Could not initialize class org.openqa.selenium.chrome.ChromeDriverCommandExecutor
	at org.openqa.selenium.chrome.ChromeDriver.&lt;init&gt;(ChromeDriver.java:181)
	at org.openqa.selenium.chrome.ChromeDriver.&lt;init&gt;(ChromeDriver.java:168)
	at org.openqa.selenium.chrome.ChromeDriver.&lt;init&gt;(ChromeDriver.java:123)
	at com.bridgelabz.linkedin.base.TestBase.init_Driver(TestBase.java:68)
	at com.bridgelabz.linkedin.testcases.SignInPageTest.beginTest(SignInPageTest.java:32)
... Removed 28 stack frames</pre></div><a href='#' onClick='toggleBox("stack-trace913746983", this, "Click to show all stack frames", "Click to hide stack frames")'>Click to show all stack frames</a>
<div class='stack-trace' id='stack-trace913746983'><pre>java.lang.NoClassDefFoundError: Could not initialize class org.openqa.selenium.chrome.ChromeDriverCommandExecutor
	at org.openqa.selenium.chrome.ChromeDriver.&lt;init&gt;(ChromeDriver.java:181)
	at org.openqa.selenium.chrome.ChromeDriver.&lt;init&gt;(ChromeDriver.java:168)
	at org.openqa.selenium.chrome.ChromeDriver.&lt;init&gt;(ChromeDriver.java:123)
	at com.bridgelabz.linkedin.base.TestBase.init_Driver(TestBase.java:68)
	at com.bridgelabz.linkedin.testcases.SignInPageTest.beginTest(SignInPageTest.java:32)
	at java.base/jdk.internal.reflect.NativeMethodAccessorImpl.invoke0(Native Method)
	at java.base/jdk.internal.reflect.NativeMethodAccessorImpl.invoke(NativeMethodAccessorImpl.java:62)
	at java.base/jdk.internal.reflect.DelegatingMethodAccessorImpl.invoke(DelegatingMethodAccessorImpl.java:43)
	at java.base/java.lang.reflect.Method.invoke(Method.java:566)
	at org.testng.internal.MethodInvocationHelper.invokeMethod(MethodInvocationHelper.java:124)
	at org.testng.internal.MethodInvocationHelper.invokeMethodConsideringTimeout(MethodInvocationHelper.java:59)
	at org.testng.internal.Invoker.invokeConfigurationMethod(Invoker.java:458)
	at org.testng.internal.Invoker.invokeConfigurations(Invoker.java:222)
	at org.testng.internal.Invoker.invokeMethod(Invoker.java:523)
	at org.testng.internal.Invoker.invokeTestMethod(Invoker.java:719)
	at org.testng.internal.Invoker.invokeTestMethods(Invoker.java:989)
	at org.testng.internal.TestMethodWorker.invokeTestMethods(TestMethodWorker.java:125)
	at org.testng.internal.TestMethodWorker.run(TestMethodWorker.java:109)
	at org.testng.TestRunner.privateRun(TestRunner.java:648)
	at org.testng.TestRunner.run(TestRunner.java:505)
	at org.testng.SuiteRunner.runTest(SuiteRunner.java:455)
	at org.testng.SuiteRunner.runSequentially(SuiteRunner.java:450)
	at org.testng.SuiteRunner.privateRun(SuiteRunner.java:415)
	at org.testng.SuiteRunner.run(SuiteRunner.java:364)
	at org.testng.SuiteRunnerWorker.runSuite(SuiteRunnerWorker.java:52)
	at org.testng.SuiteRunnerWorker.run(SuiteRunnerWorker.java:84)
	at org.testng.TestNG.runSuitesSequentially(TestNG.java:1208)
	at org.testng.TestNG.runSuitesLocally(TestNG.java:1137)
	at org.testng.TestNG.runSuites(TestNG.java:1049)
	at org.testng.TestNG.run(TestNG.java:1017)
	at org.testng.remote.AbstractRemoteTestNG.run(AbstractRemoteTestNG.java:115)
	at org.testng.remote.RemoteTestNG.initAndRun(RemoteTestNG.java:251)
	at org.testng.remote.RemoteTestNG.main(RemoteTestNG.java:77)
</pre></div></td>
<td>0</td>
<td>com.bridgelabz.linkedin.testcases.SignInPageTest@43195e57</td></tr>
<tr>
<td title='com.bridgelabz.linkedin.testcases.SignInPageTest.validateShowPasswordTest()'><b>validateShowPasswordTest</b><br>Test class: com.bridgelabz.linkedin.testcases.SignInPageTest</td>
<td><div><pre>java.lang.NoClassDefFoundError: Could not initialize class org.openqa.selenium.chrome.ChromeDriverCommandExecutor
	at org.openqa.selenium.chrome.ChromeDriver.&lt;init&gt;(ChromeDriver.java:181)
	at org.openqa.selenium.chrome.ChromeDriver.&lt;init&gt;(ChromeDriver.java:168)
	at org.openqa.selenium.chrome.ChromeDriver.&lt;init&gt;(ChromeDriver.java:123)
	at com.bridgelabz.linkedin.base.TestBase.init_Driver(TestBase.java:68)
	at com.bridgelabz.linkedin.testcases.SignInPageTest.beginTest(SignInPageTest.java:32)
... Removed 28 stack frames</pre></div><a href='#' onClick='toggleBox("stack-trace1381857776", this, "Click to show all stack frames", "Click to hide stack frames")'>Click to show all stack frames</a>
<div class='stack-trace' id='stack-trace1381857776'><pre>java.lang.NoClassDefFoundError: Could not initialize class org.openqa.selenium.chrome.ChromeDriverCommandExecutor
	at org.openqa.selenium.chrome.ChromeDriver.&lt;init&gt;(ChromeDriver.java:181)
	at org.openqa.selenium.chrome.ChromeDriver.&lt;init&gt;(ChromeDriver.java:168)
	at org.openqa.selenium.chrome.ChromeDriver.&lt;init&gt;(ChromeDriver.java:123)
	at com.bridgelabz.linkedin.base.TestBase.init_Driver(TestBase.java:68)
	at com.bridgelabz.linkedin.testcases.SignInPageTest.beginTest(SignInPageTest.java:32)
	at java.base/jdk.internal.reflect.NativeMethodAccessorImpl.invoke0(Native Method)
	at java.base/jdk.internal.reflect.NativeMethodAccessorImpl.invoke(NativeMethodAccessorImpl.java:62)
	at java.base/jdk.internal.reflect.DelegatingMethodAccessorImpl.invoke(DelegatingMethodAccessorImpl.java:43)
	at java.base/java.lang.reflect.Method.invoke(Method.java:566)
	at org.testng.internal.MethodInvocationHelper.invokeMethod(MethodInvocationHelper.java:124)
	at org.testng.internal.MethodInvocationHelper.invokeMethodConsideringTimeout(MethodInvocationHelper.java:59)
	at org.testng.internal.Invoker.invokeConfigurationMethod(Invoker.java:458)
	at org.testng.internal.Invoker.invokeConfigurations(Invoker.java:222)
	at org.testng.internal.Invoker.invokeMethod(Invoker.java:523)
	at org.testng.internal.Invoker.invokeTestMethod(Invoker.java:719)
	at org.testng.internal.Invoker.invokeTestMethods(Invoker.java:989)
	at org.testng.internal.TestMethodWorker.invokeTestMethods(TestMethodWorker.java:125)
	at org.testng.internal.TestMethodWorker.run(TestMethodWorker.java:109)
	at org.testng.TestRunner.privateRun(TestRunner.java:648)
	at org.testng.TestRunner.run(TestRunner.java:505)
	at org.testng.SuiteRunner.runTest(SuiteRunner.java:455)
	at org.testng.SuiteRunner.runSequentially(SuiteRunner.java:450)
	at org.testng.SuiteRunner.privateRun(SuiteRunner.java:415)
	at org.testng.SuiteRunner.run(SuiteRunner.java:364)
	at org.testng.SuiteRunnerWorker.runSuite(SuiteRunnerWorker.java:52)
	at org.testng.SuiteRunnerWorker.run(SuiteRunnerWorker.java:84)
	at org.testng.TestNG.runSuitesSequentially(TestNG.java:1208)
	at org.testng.TestNG.runSuitesLocally(TestNG.java:1137)
	at org.testng.TestNG.runSuites(TestNG.java:1049)
	at org.testng.TestNG.run(TestNG.java:1017)
	at org.testng.remote.AbstractRemoteTestNG.run(AbstractRemoteTestNG.java:115)
	at org.testng.remote.RemoteTestNG.initAndRun(RemoteTestNG.java:251)
	at org.testng.remote.RemoteTestNG.main(RemoteTestNG.java:77)
</pre></div></td>
<td>0</td>
<td>com.bridgelabz.linkedin.testcases.SignInPageTest@43195e57</td></tr>
<tr>
<td title='com.bridgelabz.linkedin.testcases.JoinNowPageTest.validateSignInPageLinkTest()'><b>validateSignInPageLinkTest</b><br>Test class: com.bridgelabz.linkedin.testcases.JoinNowPageTest</td>
<td><div><pre>java.lang.NoClassDefFoundError: okhttp3/ConnectionPool
	at org.openqa.selenium.remote.internal.OkHttpClient$Factory.&lt;init&gt;(OkHttpClient.java:116)
	at org.openqa.selenium.remote.http.HttpClient$Factory.createDefault(HttpClient.java:66)
	at org.openqa.selenium.remote.HttpCommandExecutor.&lt;clinit&gt;(HttpCommandExecutor.java:47)
	at org.openqa.selenium.chrome.ChromeDriver.&lt;init&gt;(ChromeDriver.java:181)
	at org.openqa.selenium.chrome.ChromeDriver.&lt;init&gt;(ChromeDriver.java:168)
	at org.openqa.selenium.chrome.ChromeDriver.&lt;init&gt;(ChromeDriver.java:123)
	at com.bridgelabz.linkedin.base.TestBase.init_Driver(TestBase.java:68)
	at com.bridgelabz.linkedin.testcases.JoinNowPageTest.beginTest(JoinNowPageTest.java:36)
Caused by: java.lang.ClassNotFoundException: okhttp3.ConnectionPool
	at java.base/jdk.internal.loader.BuiltinClassLoader.loadClass(BuiltinClassLoader.java:581)
	at java.base/jdk.internal.loader.ClassLoaders$AppClassLoader.loadClass(ClassLoaders.java:178)
	at java.base/java.lang.ClassLoader.loadClass(ClassLoader.java:521)
	... 36 more
... Removed 28 stack frames</pre></div><a href='#' onClick='toggleBox("stack-trace1034909474", this, "Click to show all stack frames", "Click to hide stack frames")'>Click to show all stack frames</a>
<div class='stack-trace' id='stack-trace1034909474'><pre>java.lang.NoClassDefFoundError: okhttp3/ConnectionPool
	at org.openqa.selenium.remote.internal.OkHttpClient$Factory.&lt;init&gt;(OkHttpClient.java:116)
	at org.openqa.selenium.remote.http.HttpClient$Factory.createDefault(HttpClient.java:66)
	at org.openqa.selenium.remote.HttpCommandExecutor.&lt;clinit&gt;(HttpCommandExecutor.java:47)
	at org.openqa.selenium.chrome.ChromeDriver.&lt;init&gt;(ChromeDriver.java:181)
	at org.openqa.selenium.chrome.ChromeDriver.&lt;init&gt;(ChromeDriver.java:168)
	at org.openqa.selenium.chrome.ChromeDriver.&lt;init&gt;(ChromeDriver.java:123)
	at com.bridgelabz.linkedin.base.TestBase.init_Driver(TestBase.java:68)
	at com.bridgelabz.linkedin.testcases.JoinNowPageTest.beginTest(JoinNowPageTest.java:36)
	at java.base/jdk.internal.reflect.NativeMethodAccessorImpl.invoke0(Native Method)
	at java.base/jdk.internal.reflect.NativeMethodAccessorImpl.invoke(NativeMethodAccessorImpl.java:62)
	at java.base/jdk.internal.reflect.DelegatingMethodAccessorImpl.invoke(DelegatingMethodAccessorImpl.java:43)
	at java.base/java.lang.reflect.Method.invoke(Method.java:566)
	at org.testng.internal.MethodInvocationHelper.invokeMethod(MethodInvocationHelper.java:124)
	at org.testng.internal.MethodInvocationHelper.invokeMethodConsideringTimeout(MethodInvocationHelper.java:59)
	at org.testng.internal.Invoker.invokeConfigurationMethod(Invoker.java:458)
	at org.testng.internal.Invoker.invokeConfigurations(Invoker.java:222)
	at org.testng.internal.Invoker.invokeMethod(Invoker.java:523)
	at org.testng.internal.Invoker.invokeTestMethod(Invoker.java:719)
	at org.testng.internal.Invoker.invokeTestMethods(Invoker.java:989)
	at org.testng.internal.TestMethodWorker.invokeTestMethods(TestMethodWorker.java:125)
	at org.testng.internal.TestMethodWorker.run(TestMethodWorker.java:109)
	at org.testng.TestRunner.privateRun(TestRunner.java:648)
	at org.testng.TestRunner.run(TestRunner.java:505)
	at org.testng.SuiteRunner.runTest(SuiteRunner.java:455)
	at org.testng.SuiteRunner.runSequentially(SuiteRunner.java:450)
	at org.testng.SuiteRunner.privateRun(SuiteRunner.java:415)
	at org.testng.SuiteRunner.run(SuiteRunner.java:364)
	at org.testng.SuiteRunnerWorker.runSuite(SuiteRunnerWorker.java:52)
	at org.testng.SuiteRunnerWorker.run(SuiteRunnerWorker.java:84)
	at org.testng.TestNG.runSuitesSequentially(TestNG.java:1208)
	at org.testng.TestNG.runSuitesLocally(TestNG.java:1137)
	at org.testng.TestNG.runSuites(TestNG.java:1049)
	at org.testng.TestNG.run(TestNG.java:1017)
	at org.testng.remote.AbstractRemoteTestNG.run(AbstractRemoteTestNG.java:115)
	at org.testng.remote.RemoteTestNG.initAndRun(RemoteTestNG.java:251)
	at org.testng.remote.RemoteTestNG.main(RemoteTestNG.java:77)
Caused by: java.lang.ClassNotFoundException: okhttp3.ConnectionPool
	at java.base/jdk.internal.loader.BuiltinClassLoader.loadClass(BuiltinClassLoader.java:581)
	at java.base/jdk.internal.loader.ClassLoaders$AppClassLoader.loadClass(ClassLoaders.java:178)
	at java.base/java.lang.ClassLoader.loadClass(ClassLoader.java:521)
	... 36 more
</pre></div></td>
<td>0</td>
<td>com.bridgelabz.linkedin.testcases.JoinNowPageTest@1ab3a8c8</td></tr>
<tr>
<td title='com.bridgelabz.linkedin.testcases.HomePageTest.verifyHomePageTitleTest()'><b>verifyHomePageTitleTest</b><br>Test class: com.bridgelabz.linkedin.testcases.HomePageTest</td>
<td><div><pre>java.lang.NoClassDefFoundError: Could not initialize class org.openqa.selenium.chrome.ChromeDriverCommandExecutor
	at org.openqa.selenium.chrome.ChromeDriver.&lt;init&gt;(ChromeDriver.java:181)
	at org.openqa.selenium.chrome.ChromeDriver.&lt;init&gt;(ChromeDriver.java:168)
	at org.openqa.selenium.chrome.ChromeDriver.&lt;init&gt;(ChromeDriver.java:123)
	at com.bridgelabz.linkedin.base.TestBase.init_Driver(TestBase.java:68)
	at com.bridgelabz.linkedin.testcases.HomePageTest.beginTest(HomePageTest.java:34)
... Removed 28 stack frames</pre></div><a href='#' onClick='toggleBox("stack-trace622820646", this, "Click to show all stack frames", "Click to hide stack frames")'>Click to show all stack frames</a>
<div class='stack-trace' id='stack-trace622820646'><pre>java.lang.NoClassDefFoundError: Could not initialize class org.openqa.selenium.chrome.ChromeDriverCommandExecutor
	at org.openqa.selenium.chrome.ChromeDriver.&lt;init&gt;(ChromeDriver.java:181)
	at org.openqa.selenium.chrome.ChromeDriver.&lt;init&gt;(ChromeDriver.java:168)
	at org.openqa.selenium.chrome.ChromeDriver.&lt;init&gt;(ChromeDriver.java:123)
	at com.bridgelabz.linkedin.base.TestBase.init_Driver(TestBase.java:68)
	at com.bridgelabz.linkedin.testcases.HomePageTest.beginTest(HomePageTest.java:34)
	at java.base/jdk.internal.reflect.NativeMethodAccessorImpl.invoke0(Native Method)
	at java.base/jdk.internal.reflect.NativeMethodAccessorImpl.invoke(NativeMethodAccessorImpl.java:62)
	at java.base/jdk.internal.reflect.DelegatingMethodAccessorImpl.invoke(DelegatingMethodAccessorImpl.java:43)
	at java.base/java.lang.reflect.Method.invoke(Method.java:566)
	at org.testng.internal.MethodInvocationHelper.invokeMethod(MethodInvocationHelper.java:124)
	at org.testng.internal.MethodInvocationHelper.invokeMethodConsideringTimeout(MethodInvocationHelper.java:59)
	at org.testng.internal.Invoker.invokeConfigurationMethod(Invoker.java:458)
	at org.testng.internal.Invoker.invokeConfigurations(Invoker.java:222)
	at org.testng.internal.Invoker.invokeMethod(Invoker.java:523)
	at org.testng.internal.Invoker.invokeTestMethod(Invoker.java:719)
	at org.testng.internal.Invoker.invokeTestMethods(Invoker.java:989)
	at org.testng.internal.TestMethodWorker.invokeTestMethods(TestMethodWorker.java:125)
	at org.testng.internal.TestMethodWorker.run(TestMethodWorker.java:109)
	at org.testng.TestRunner.privateRun(TestRunner.java:648)
	at org.testng.TestRunner.run(TestRunner.java:505)
	at org.testng.SuiteRunner.runTest(SuiteRunner.java:455)
	at org.testng.SuiteRunner.runSequentially(SuiteRunner.java:450)
	at org.testng.SuiteRunner.privateRun(SuiteRunner.java:415)
	at org.testng.SuiteRunner.run(SuiteRunner.java:364)
	at org.testng.SuiteRunnerWorker.runSuite(SuiteRunnerWorker.java:52)
	at org.testng.SuiteRunnerWorker.run(SuiteRunnerWorker.java:84)
	at org.testng.TestNG.runSuitesSequentially(TestNG.java:1208)
	at org.testng.TestNG.runSuitesLocally(TestNG.java:1137)
	at org.testng.TestNG.runSuites(TestNG.java:1049)
	at org.testng.TestNG.run(TestNG.java:1017)
	at org.testng.remote.AbstractRemoteTestNG.run(AbstractRemoteTestNG.java:115)
	at org.testng.remote.RemoteTestNG.initAndRun(RemoteTestNG.java:251)
	at org.testng.remote.RemoteTestNG.main(RemoteTestNG.java:77)
</pre></div></td>
<td>0</td>
<td>com.bridgelabz.linkedin.testcases.HomePageTest@333291e3</td></tr>
<tr>
<td title='com.bridgelabz.linkedin.testcases.JoinNowPageTest.verifyRegisterPageTitleTest()'><b>verifyRegisterPageTitleTest</b><br>Test class: com.bridgelabz.linkedin.testcases.JoinNowPageTest</td>
<td><div><pre>java.lang.NoClassDefFoundError: okhttp3/ConnectionPool
	at org.openqa.selenium.remote.internal.OkHttpClient$Factory.&lt;init&gt;(OkHttpClient.java:116)
	at org.openqa.selenium.remote.http.HttpClient$Factory.createDefault(HttpClient.java:66)
	at org.openqa.selenium.remote.HttpCommandExecutor.&lt;clinit&gt;(HttpCommandExecutor.java:47)
	at org.openqa.selenium.chrome.ChromeDriver.&lt;init&gt;(ChromeDriver.java:181)
	at org.openqa.selenium.chrome.ChromeDriver.&lt;init&gt;(ChromeDriver.java:168)
	at org.openqa.selenium.chrome.ChromeDriver.&lt;init&gt;(ChromeDriver.java:123)
	at com.bridgelabz.linkedin.base.TestBase.init_Driver(TestBase.java:68)
	at com.bridgelabz.linkedin.testcases.JoinNowPageTest.beginTest(JoinNowPageTest.java:36)
Caused by: java.lang.ClassNotFoundException: okhttp3.ConnectionPool
	at java.base/jdk.internal.loader.BuiltinClassLoader.loadClass(BuiltinClassLoader.java:581)
	at java.base/jdk.internal.loader.ClassLoaders$AppClassLoader.loadClass(ClassLoaders.java:178)
	at java.base/java.lang.ClassLoader.loadClass(ClassLoader.java:521)
	... 36 more
... Removed 28 stack frames</pre></div><a href='#' onClick='toggleBox("stack-trace21422054", this, "Click to show all stack frames", "Click to hide stack frames")'>Click to show all stack frames</a>
<div class='stack-trace' id='stack-trace21422054'><pre>java.lang.NoClassDefFoundError: okhttp3/ConnectionPool
	at org.openqa.selenium.remote.internal.OkHttpClient$Factory.&lt;init&gt;(OkHttpClient.java:116)
	at org.openqa.selenium.remote.http.HttpClient$Factory.createDefault(HttpClient.java:66)
	at org.openqa.selenium.remote.HttpCommandExecutor.&lt;clinit&gt;(HttpCommandExecutor.java:47)
	at org.openqa.selenium.chrome.ChromeDriver.&lt;init&gt;(ChromeDriver.java:181)
	at org.openqa.selenium.chrome.ChromeDriver.&lt;init&gt;(ChromeDriver.java:168)
	at org.openqa.selenium.chrome.ChromeDriver.&lt;init&gt;(ChromeDriver.java:123)
	at com.bridgelabz.linkedin.base.TestBase.init_Driver(TestBase.java:68)
	at com.bridgelabz.linkedin.testcases.JoinNowPageTest.beginTest(JoinNowPageTest.java:36)
	at java.base/jdk.internal.reflect.NativeMethodAccessorImpl.invoke0(Native Method)
	at java.base/jdk.internal.reflect.NativeMethodAccessorImpl.invoke(NativeMethodAccessorImpl.java:62)
	at java.base/jdk.internal.reflect.DelegatingMethodAccessorImpl.invoke(DelegatingMethodAccessorImpl.java:43)
	at java.base/java.lang.reflect.Method.invoke(Method.java:566)
	at org.testng.internal.MethodInvocationHelper.invokeMethod(MethodInvocationHelper.java:124)
	at org.testng.internal.MethodInvocationHelper.invokeMethodConsideringTimeout(MethodInvocationHelper.java:59)
	at org.testng.internal.Invoker.invokeConfigurationMethod(Invoker.java:458)
	at org.testng.internal.Invoker.invokeConfigurations(Invoker.java:222)
	at org.testng.internal.Invoker.invokeMethod(Invoker.java:523)
	at org.testng.internal.Invoker.invokeTestMethod(Invoker.java:719)
	at org.testng.internal.Invoker.invokeTestMethods(Invoker.java:989)
	at org.testng.internal.TestMethodWorker.invokeTestMethods(TestMethodWorker.java:125)
	at org.testng.internal.TestMethodWorker.run(TestMethodWorker.java:109)
	at org.testng.TestRunner.privateRun(TestRunner.java:648)
	at org.testng.TestRunner.run(TestRunner.java:505)
	at org.testng.SuiteRunner.runTest(SuiteRunner.java:455)
	at org.testng.SuiteRunner.runSequentially(SuiteRunner.java:450)
	at org.testng.SuiteRunner.privateRun(SuiteRunner.java:415)
	at org.testng.SuiteRunner.run(SuiteRunner.java:364)
	at org.testng.SuiteRunnerWorker.runSuite(SuiteRunnerWorker.java:52)
	at org.testng.SuiteRunnerWorker.run(SuiteRunnerWorker.java:84)
	at org.testng.TestNG.runSuitesSequentially(TestNG.java:1208)
	at org.testng.TestNG.runSuitesLocally(TestNG.java:1137)
	at org.testng.TestNG.runSuites(TestNG.java:1049)
	at org.testng.TestNG.run(TestNG.java:1017)
	at org.testng.remote.AbstractRemoteTestNG.run(AbstractRemoteTestNG.java:115)
	at org.testng.remote.RemoteTestNG.initAndRun(RemoteTestNG.java:251)
	at org.testng.remote.RemoteTestNG.main(RemoteTestNG.java:77)
Caused by: java.lang.ClassNotFoundException: okhttp3.ConnectionPool
	at java.base/jdk.internal.loader.BuiltinClassLoader.loadClass(BuiltinClassLoader.java:581)
	at java.base/jdk.internal.loader.ClassLoaders$AppClassLoader.loadClass(ClassLoaders.java:178)
	at java.base/java.lang.ClassLoader.loadClass(ClassLoader.java:521)
	... 36 more
</pre></div></td>
<td>0</td>
<td>com.bridgelabz.linkedin.testcases.JoinNowPageTest@1ab3a8c8</td></tr>
<tr>
<td title='com.bridgelabz.linkedin.testcases.SignInPageTest.verifySignInPageTitleTest()'><b>verifySignInPageTitleTest</b><br>Test class: com.bridgelabz.linkedin.testcases.SignInPageTest</td>
<td><div><pre>java.lang.NoClassDefFoundError: Could not initialize class org.openqa.selenium.chrome.ChromeDriverCommandExecutor
	at org.openqa.selenium.chrome.ChromeDriver.&lt;init&gt;(ChromeDriver.java:181)
	at org.openqa.selenium.chrome.ChromeDriver.&lt;init&gt;(ChromeDriver.java:168)
	at org.openqa.selenium.chrome.ChromeDriver.&lt;init&gt;(ChromeDriver.java:123)
	at com.bridgelabz.linkedin.base.TestBase.init_Driver(TestBase.java:68)
	at com.bridgelabz.linkedin.testcases.SignInPageTest.beginTest(SignInPageTest.java:32)
... Removed 28 stack frames</pre></div><a href='#' onClick='toggleBox("stack-trace361571676", this, "Click to show all stack frames", "Click to hide stack frames")'>Click to show all stack frames</a>
<div class='stack-trace' id='stack-trace361571676'><pre>java.lang.NoClassDefFoundError: Could not initialize class org.openqa.selenium.chrome.ChromeDriverCommandExecutor
	at org.openqa.selenium.chrome.ChromeDriver.&lt;init&gt;(ChromeDriver.java:181)
	at org.openqa.selenium.chrome.ChromeDriver.&lt;init&gt;(ChromeDriver.java:168)
	at org.openqa.selenium.chrome.ChromeDriver.&lt;init&gt;(ChromeDriver.java:123)
	at com.bridgelabz.linkedin.base.TestBase.init_Driver(TestBase.java:68)
	at com.bridgelabz.linkedin.testcases.SignInPageTest.beginTest(SignInPageTest.java:32)
	at java.base/jdk.internal.reflect.NativeMethodAccessorImpl.invoke0(Native Method)
	at java.base/jdk.internal.reflect.NativeMethodAccessorImpl.invoke(NativeMethodAccessorImpl.java:62)
	at java.base/jdk.internal.reflect.DelegatingMethodAccessorImpl.invoke(DelegatingMethodAccessorImpl.java:43)
	at java.base/java.lang.reflect.Method.invoke(Method.java:566)
	at org.testng.internal.MethodInvocationHelper.invokeMethod(MethodInvocationHelper.java:124)
	at org.testng.internal.MethodInvocationHelper.invokeMethodConsideringTimeout(MethodInvocationHelper.java:59)
	at org.testng.internal.Invoker.invokeConfigurationMethod(Invoker.java:458)
	at org.testng.internal.Invoker.invokeConfigurations(Invoker.java:222)
	at org.testng.internal.Invoker.invokeMethod(Invoker.java:523)
	at org.testng.internal.Invoker.invokeTestMethod(Invoker.java:719)
	at org.testng.internal.Invoker.invokeTestMethods(Invoker.java:989)
	at org.testng.internal.TestMethodWorker.invokeTestMethods(TestMethodWorker.java:125)
	at org.testng.internal.TestMethodWorker.run(TestMethodWorker.java:109)
	at org.testng.TestRunner.privateRun(TestRunner.java:648)
	at org.testng.TestRunner.run(TestRunner.java:505)
	at org.testng.SuiteRunner.runTest(SuiteRunner.java:455)
	at org.testng.SuiteRunner.runSequentially(SuiteRunner.java:450)
	at org.testng.SuiteRunner.privateRun(SuiteRunner.java:415)
	at org.testng.SuiteRunner.run(SuiteRunner.java:364)
	at org.testng.SuiteRunnerWorker.runSuite(SuiteRunnerWorker.java:52)
	at org.testng.SuiteRunnerWorker.run(SuiteRunnerWorker.java:84)
	at org.testng.TestNG.runSuitesSequentially(TestNG.java:1208)
	at org.testng.TestNG.runSuitesLocally(TestNG.java:1137)
	at org.testng.TestNG.runSuites(TestNG.java:1049)
	at org.testng.TestNG.run(TestNG.java:1017)
	at org.testng.remote.AbstractRemoteTestNG.run(AbstractRemoteTestNG.java:115)
	at org.testng.remote.RemoteTestNG.initAndRun(RemoteTestNG.java:251)
	at org.testng.remote.RemoteTestNG.main(RemoteTestNG.java:77)
</pre></div></td>
<td>0</td>
<td>com.bridgelabz.linkedin.testcases.SignInPageTest@43195e57</td></tr>
</table><p>
</body>
</html>